#
# A fatal error has been detected by the Java Runtime Environment:
#
#  SIGSEGV (0xb) at pc=0x000000010f763094, pid=88317, tid=259
#
# JRE version: Java(TM) SE Runtime Environment 18.9 (11.0.12+8) (build 11.0.12+8-LTS-237)
# Java VM: Java HotSpot(TM) 64-Bit Server VM 18.9 (11.0.12+8-LTS-237, mixed mode, tiered, compressed oops, g1 gc, bsd-amd64)
# Problematic frame:
# V  [libjvm.dylib+0x763094]  _ZN16RawAccessBarrierILy1097844EE13load_internalILy1097844EP7oopDescEEN8EnableIfIXsr12HasDecoratorIXT_EXL_ZL12MO_UNORDEREDEEEE5valueET0_E4typeEPv+0x4
#
# No core dump will be written. Core dumps have been disabled. To enable core dumping, try "ulimit -c unlimited" before starting Java again
#
# If you would like to submit a bug report, please visit:
#   https://bugreport.java.com/bugreport/crash.jsp
#

---------------  S U M M A R Y ------------

Command Line: -javaagent:/Applications/IntelliJ IDEA CE.app/Contents/lib/idea_rt.jar=59568:/Applications/IntelliJ IDEA CE.app/Contents/bin -Dfile.encoding=UTF-8 Main

Host: MacBookAir6,2 x86_64 1300 MHz, 4 cores, 4G, Darwin 20.6.0
Time: Tue Jun  6 18:15:40 2023 CST elapsed time: 25.361511 seconds (0d 0h 0m 25s)

---------------  T H R E A D  ---------------

Current thread (0x00007fb0e90db800):  JavaThread "AppKit Thread" daemon [_thread_in_vm, id=259, stack(0x00007ffee2c2d000,0x00007ffee342d000)]

Stack: [0x00007ffee2c2d000,0x00007ffee342d000],  sp=0x00007ffee3429b90,  free space=8178k
Native frames: (J=compiled Java code, A=aot compiled Java code, j=interpreted, Vv=VM code, C=native code)
V  [libjvm.dylib+0x763094]  _ZN16RawAccessBarrierILy1097844EE13load_internalILy1097844EP7oopDescEEN8EnableIfIXsr12HasDecoratorIXT_EXL_ZL12MO_UNORDEREDEEEE5valueET0_E4typeEPv+0x4
V  [libjvm.dylib+0x763059]  _ZN16RawAccessBarrierILy1097844EE8oop_loadIP7oopDescEET_Pv+0x9
V  [libjvm.dylib+0x7630cb]  _ZN12G1BarrierSet13AccessBarrierILy1097844ES_E20oop_load_not_in_heapIP7oopDescEES4_PT_+0xb
V  [libjvm.dylib+0x3db870]  _ZL13get_method_idP7JNIEnv_P7_jclassPKcS4_bP6Thread+0xab
V  [libjvm.dylib+0x3db74d]  jni_GetMethodID+0xe5
C  [libawt_lwawt.dylib+0xbab1]  -[AWTView attributedSubstringForProposedRange:actualRange:]+0x60
C  [Lookup+0xdc3c]  +[LUTextInputClientTextAccessor canAccessTextInView:]+0x6f
C  [Lookup+0xdbb2]  +[LUTextInputClientTextAccessor canAccessTextAtLocation:]+0x39
C  [Lookup+0x8ae0]  +[LUTextAccessor textAccessorForScreenLocation:]+0x214
C  [Lookup+0x14cc3]  -[LUExtractor focusTermAndLocation:options:]+0x199
C  [Lookup+0x130bf]  +[LULookupDefinitionModule _focusTermUsingQueue:handler:]+0xb0
C  [Lookup+0x303f]  -[LULookupDefinitionModule showDefinitionByHotKey]+0x16b
C  [AppKit+0x1c913f]  -[NSWindow(NSEventRouting) _reallySendEvent:isDelayedEvent:]+0x519
C  [AppKit+0x1c8a06]  -[NSWindow(NSEventRouting) sendEvent:]+0x15b
C  [libawt_lwawt.dylib+0xdb79]  -[AWTWindow_Normal sendEvent:]+0x56
C  [AppKit+0x4a1d75]  -[NSApplication _handleHotKeyRelease:]+0x216
C  [AppKit+0x1c7ae4]  -[NSApplication(NSEvent) sendEvent:]+0xe30
C  [libosxapp.dylib+0x28d5]  -[NSApplicationAWT sendEvent:]+0x1c1
C  [AppKit+0x49fbe1]  -[NSApplication _handleEvent:]+0x41
C  [AppKit+0x2fc8e]  -[NSApplication run]+0x26f
C  [libosxapp.dylib+0x2543]  +[NSApplicationAWT runAWTLoopWithApp:]+0x107
C  [libawt_lwawt.dylib+0x5da38]  +[AWTStarter starter:headless:]+0x1f0
C  [libosxapp.dylib+0x4059]  +[ThreadUtilities invokeBlockCopy:]+0xf
C  [Foundation+0x80b81]  __NSThreadPerformPerform+0xcc
C  [CoreFoundation+0x8194c]  __CFRUNLOOP_IS_CALLING_OUT_TO_A_SOURCE0_PERFORM_FUNCTION__+0x11
C  [CoreFoundation+0x818b4]  __CFRunLoopDoSource0+0xb4
C  [CoreFoundation+0x81634]  __CFRunLoopDoSources0+0xf2
C  [CoreFoundation+0x8005c]  __CFRunLoopRun+0x37d
C  [CoreFoundation+0x7f61c]  CFRunLoopRunSpecific+0x233
C  [libjli.dylib+0x65b5]  CreateExecutionEnvironment+0x18e
C  [libjli.dylib+0x281f]  JLI_Launch+0x523
C  [java+0x12cc]  main+0x16c
C  [libdyld.dylib+0x15f3d]  start+0x1


siginfo: si_signo: 11 (SIGSEGV), si_code: 1 (SEGV_MAPERR), si_addr: 0x0000000000000000

Register to memory mapping:

RAX=0x00007fb0ea0a96c0 points into unknown readable memory: 0x492825a7ffff0016 | 16 00 ff ff a7 25 28 49
RBX=0x00007fb0ea0a96c0 points into unknown readable memory: 0x492825a7ffff0016 | 16 00 ff ff a7 25 28 49
RCX=0x0000000000000016 is an unknown value
RDX=0x0000000118d36f6a: contextTexturePath.alpha+0x6e2a in /Library/Java/JavaVirtualMachines/jdk-11.0.12.jdk/Contents/Home/lib/libawt_lwawt.dylib at 0x0000000118cb9000
RSP=0x00007ffee3429b90 is pointing into the stack for thread: 0x00007fb0e90db800
RBP=0x00007ffee3429b90 is pointing into the stack for thread: 0x00007fb0e90db800
RSI=0x0000000000000003 is an unknown value
RDI=0x0 is NULL
R8 =0x00000000ec2edeab is an unknown value
R9 =0x00007fb0e8032a38 points into unknown readable memory: 0x00000000ec2edeab | ab de 2e ec 00 00 00 00
R10=0x000000010cfa7ed2: OBJC_METACLASS_$_ThreadUtilities+0x2 in /Library/Java/JavaVirtualMachines/jdk-11.0.12.jdk/Contents/Home/lib/libosxapp.dylib at 0x000000010cfa0000
R11=0x000000010cfa3ee3: +[ThreadUtilities getJNIEnv]+0 in /Library/Java/JavaVirtualMachines/jdk-11.0.12.jdk/Contents/Home/lib/libosxapp.dylib at 0x000000010cfa0000
R12=0x00007fb0e8c309f8 points into unknown readable memory: 0x746100b6ffff001c | 1c 00 ff ff b6 00 61 74
R13=0x0000000118d36f6a: contextTexturePath.alpha+0x6e2a in /Library/Java/JavaVirtualMachines/jdk-11.0.12.jdk/Contents/Home/lib/libawt_lwawt.dylib at 0x0000000118cb9000
R14=0x0000000118d36f4d: contextTexturePath.alpha+0x6e0d in /Library/Java/JavaVirtualMachines/jdk-11.0.12.jdk/Contents/Home/lib/libawt_lwawt.dylib at 0x0000000118cb9000
R15=0x0 is NULL


Registers:
RAX=0x00007fb0ea0a96c0, RBX=0x00007fb0ea0a96c0, RCX=0x0000000000000016, RDX=0x0000000118d36f6a
RSP=0x00007ffee3429b90, RBP=0x00007ffee3429b90, RSI=0x0000000000000003, RDI=0x0000000000000000
R8 =0x00000000ec2edeab, R9 =0x00007fb0e8032a38, R10=0x000000010cfa7ed2, R11=0x000000010cfa3ee3
R12=0x00007fb0e8c309f8, R13=0x0000000118d36f6a, R14=0x0000000118d36f4d, R15=0x0000000000000000
RIP=0x000000010f763094, EFLAGS=0x0000000000010246, ERR=0x0000000000000004
  TRAPNO=0x000000000000000e

Top of Stack: (sp=0x00007ffee3429b90)
0x00007ffee3429b90:   00007ffee3429ba0 000000010f763059
0x00007ffee3429ba0:   00007ffee3429bc0 000000010f7630cb
0x00007ffee3429bb0:   00007fb0ea0a96c0 00007fb0ea0a96c0
0x00007ffee3429bc0:   00007ffee3429d60 000000010f3db870
0x00007ffee3429bd0:   00007ffee3429c10 00007fff22ddded4
0x00007ffee3429be0:   00007fb0e7785f50 00007fb0e7593030
0x00007ffee3429bf0:   0000000000000000 00007fff7bc0793e
0x00007ffee3429c00:   00007fff20332800 00007fff22d65cce
0x00007ffee3429c10:   00007fb0e90db800 00000000e7787000
0x00007ffee3429c20:   00007ffee3429c60 00007fffec2edeab
0x00007ffee3429c30:   00007fb0e7785f50 00007fb0e7787000
0x00007ffee3429c40:   0000000000000000 00007fff7bc0793e
0x00007ffee3429c50:   00007fff20332800 00007fb0e7593030
0x00007ffee3429c60:   00007ffee3429cb0 00007fff22f56a09
0x00007ffee3429c70:   40813d3c00000000 4079ccea70000000
0x00007ffee3429c80:   00007fb0e7787000 0000000000000098
0x00007ffee3429c90:   00007ffee3429cc0 00007fff2032f251
0x00007ffee3429ca0:   00007fff20366f58 0000000000000000
0x00007ffee3429cb0:   00007fff7fca37e8 0000000000000000
0x00007ffee3429cc0:   c40feec77efe004d 00007fff20332800
0x00007ffee3429cd0:   00007fb0e7593030 00007fb0e7593030
0x00007ffee3429ce0:   0000000000000001 0000000000000000
0x00007ffee3429cf0:   00007ffee3429dc0 00007fff2033339b
0x00007ffee3429d00:   000000010cfa7ed0 00000000000001ff
0x00007ffee3429d10:   00007ffee3429e10 0000000000000001
0x00007ffee3429d20:   0000000000000000 000000010cfa492f
0x00007ffee3429d30:   c40feec77efe004d 00007fb0e90db800
0x00007ffee3429d40:   0000000000000000 00007fb0e90dbb48
0x00007ffee3429d50:   0000000118d36f6a 0000000118d36f4d
0x00007ffee3429d60:   00007ffee3429dc0 000000010f3db74d
0x00007ffee3429d70:   00007fb0e90db800 0000000000000000
0x00007ffee3429d80:   4052400000000000 0000000000000000 

Instructions: (pc=0x000000010f763094)
0x000000010f763074:   5d e9 16 00 00 00 66 0f 1f 44 00 00 55 48 89 e5
0x000000010f763084:   5d e9 16 00 00 00 66 0f 1f 44 00 00 55 48 89 e5
0x000000010f763094:   48 8b 07 5d c3 0f 1f 80 00 00 00 00 55 48 89 e5
0x000000010f7630a4:   48 89 f8 5d c3 0f 1f 80 00 00 00 00 55 48 89 e5 

Stack slot to memory mapping:
stack at sp + 0 slots: 0x00007ffee3429ba0 is pointing into the stack for thread: 0x00007fb0e90db800
stack at sp + 1 slots: 0x000000010f763059: _ZN16RawAccessBarrierILy1097844EE8oop_loadIP7oopDescEET_Pv+0x9 in /Library/Java/JavaVirtualMachines/jdk-11.0.12.jdk/Contents/Home/lib/server/libjvm.dylib at 0x000000010f000000
stack at sp + 2 slots: 0x00007ffee3429bc0 is pointing into the stack for thread: 0x00007fb0e90db800
stack at sp + 3 slots: 0x000000010f7630cb: _ZN12G1BarrierSet13AccessBarrierILy1097844ES_E20oop_load_not_in_heapIP7oopDescEES4_PT_+0xb in /Library/Java/JavaVirtualMachines/jdk-11.0.12.jdk/Contents/Home/lib/server/libjvm.dylib at 0x000000010f000000
stack at sp + 4 slots: 0x00007fb0ea0a96c0 points into unknown readable memory: 0x492825a7ffff0016 | 16 00 ff ff a7 25 28 49
stack at sp + 5 slots: 0x00007fb0ea0a96c0 points into unknown readable memory: 0x492825a7ffff0016 | 16 00 ff ff a7 25 28 49
stack at sp + 6 slots: 0x00007ffee3429d60 is pointing into the stack for thread: 0x00007fb0e90db800
stack at sp + 7 slots: 0x000000010f3db870: _ZL13get_method_idP7JNIEnv_P7_jclassPKcS4_bP6Thread+0xab in /Library/Java/JavaVirtualMachines/jdk-11.0.12.jdk/Contents/Home/lib/server/libjvm.dylib at 0x000000010f000000


---------------  P R O C E S S  ---------------

Threads class SMR info:
_java_thread_list=0x00007fb0e769d4b0, length=16, elements={
0x00007fb0e885e800, 0x00007fb0e803f000, 0x00007fb0e9021800, 0x00007fb0e7834000,
0x00007fb0e8864800, 0x00007fb0e803b000, 0x00007fb0e805b800, 0x00007fb0e9062800,
0x00007fb0e80d6800, 0x00007fb0e90db800, 0x00007fb0e8865800, 0x00007fb0e8187000,
0x00007fb0e915a000, 0x00007fb0e817d800, 0x00007fb0e800b800, 0x00007fb0e7b61000
}

Java Threads: ( => current thread )
  0x00007fb0e885e800 JavaThread "Reference Handler" daemon [_thread_blocked, id=12803, stack(0x0000700002fd0000,0x00007000030d0000)]
  0x00007fb0e803f000 JavaThread "Finalizer" daemon [_thread_blocked, id=13315, stack(0x00007000030d3000,0x00007000031d3000)]
  0x00007fb0e9021800 JavaThread "Signal Dispatcher" daemon [_thread_blocked, id=16131, stack(0x00007000032dc000,0x00007000033dc000)]
  0x00007fb0e7834000 JavaThread "Service Thread" daemon [_thread_blocked, id=21763, stack(0x00007000033df000,0x00007000034df000)]
  0x00007fb0e8864800 JavaThread "C2 CompilerThread0" daemon [_thread_blocked, id=43267, stack(0x00007000034e2000,0x00007000035e2000)]
  0x00007fb0e803b000 JavaThread "C1 CompilerThread0" daemon [_thread_blocked, id=22787, stack(0x00007000035e5000,0x00007000036e5000)]
  0x00007fb0e805b800 JavaThread "Sweeper thread" daemon [_thread_blocked, id=42499, stack(0x00007000036e8000,0x00007000037e8000)]
  0x00007fb0e9062800 JavaThread "Common-Cleaner" daemon [_thread_blocked, id=41987, stack(0x00007000037eb000,0x00007000038eb000)]
  0x00007fb0e80d6800 JavaThread "Monitor Ctrl-Break" daemon [_thread_in_native, id=23811, stack(0x00007000038ee000,0x00007000039ee000)]
=>0x00007fb0e90db800 JavaThread "AppKit Thread" daemon [_thread_in_vm, id=259, stack(0x00007ffee2c2d000,0x00007ffee342d000)]
  0x00007fb0e8865800 JavaThread "AWT-Shutdown" [_thread_blocked, id=29955, stack(0x0000700003b77000,0x0000700003c77000)]
  0x00007fb0e8187000 JavaThread "Java2D Queue Flusher" daemon [_thread_blocked, id=79891, stack(0x0000700003d80000,0x0000700003e80000)]
  0x00007fb0e915a000 JavaThread "Java2D Disposer" daemon [_thread_blocked, id=55555, stack(0x0000700003f06000,0x0000700004006000)]
  0x00007fb0e817d800 JavaThread "AWT-EventQueue-0" [_thread_blocked, id=58371, stack(0x000070000408c000,0x000070000418c000)]
  0x00007fb0e800b800 JavaThread "DestroyJavaVM" [_thread_blocked, id=5891, stack(0x00007000028bb000,0x00007000029bb000)]
  0x00007fb0e7b61000 JavaThread "TimerQueue" daemon [_thread_blocked, id=71275, stack(0x000070000418f000,0x000070000428f000)]

Other Threads:
  0x00007fb0e803c800 VMThread "VM Thread" [stack: 0x0000700002ecd000,0x0000700002fcd000] [id=12547]
  0x00007fb0e80d7800 WatcherThread [stack: 0x00007000039f1000,0x0000700003af1000] [id=24323]
  0x00007fb0e800c800 GCTaskThread "GC Thread#0" [stack: 0x00007000029be000,0x0000700002abe000] [id=11267]
  0x00007fb0e8031800 ConcurrentGCThread "G1 Main Marker" [stack: 0x0000700002ac1000,0x0000700002bc1000] [id=20483]
  0x00007fb0e9009000 ConcurrentGCThread "G1 Conc#0" [stack: 0x0000700002bc4000,0x0000700002cc4000] [id=11779]
  0x00007fb0e883f800 ConcurrentGCThread "G1 Refine#0" [stack: 0x0000700002cc7000,0x0000700002dc7000] [id=19459]
  0x00007fb0e780d000 ConcurrentGCThread "G1 Young RemSet Sampling" [stack: 0x0000700002dca000,0x0000700002eca000] [id=18947]

Threads with active compile tasks:

VM state:not at safepoint (normal execution)

VM Mutex/Monitor currently owned by a thread: None

Heap address: 0x00000007c0000000, size: 1024 MB, Compressed Oops mode: Zero based, Oop shift amount: 3
Narrow klass base: 0x0000000800000000, Narrow klass shift: 0
Compressed class space size: 1073741824 Address: 0x0000000800000000

Heap:
 garbage-first heap   total 65536K, used 10240K [0x00000007c0000000, 0x0000000800000000)
  region size 1024K, 11 young (11264K), 0 survivors (0K)
 Metaspace       used 15493K, capacity 15862K, committed 16000K, reserved 1062912K
  class space    used 1655K, capacity 1856K, committed 1920K, reserved 1048576K
Heap Regions: E=young(eden), S=young(survivor), O=old, HS=humongous(starts), HC=humongous(continues), CS=collection set, F=free, A=archive, TAMS=top-at-mark-start (previous, next)
|   0|0x00000007c0000000, 0x00000007c0000000, 0x00000007c0100000|  0%| F|  |TAMS 0x00000007c0000000, 0x00000007c0000000| Untracked 
|   1|0x00000007c0100000, 0x00000007c0100000, 0x00000007c0200000|  0%| F|  |TAMS 0x00000007c0100000, 0x00000007c0100000| Untracked 
|   2|0x00000007c0200000, 0x00000007c0200000, 0x00000007c0300000|  0%| F|  |TAMS 0x00000007c0200000, 0x00000007c0200000| Untracked 
|   3|0x00000007c0300000, 0x00000007c0300000, 0x00000007c0400000|  0%| F|  |TAMS 0x00000007c0300000, 0x00000007c0300000| Untracked 
|   4|0x00000007c0400000, 0x00000007c0400000, 0x00000007c0500000|  0%| F|  |TAMS 0x00000007c0400000, 0x00000007c0400000| Untracked 
|   5|0x00000007c0500000, 0x00000007c0500000, 0x00000007c0600000|  0%| F|  |TAMS 0x00000007c0500000, 0x00000007c0500000| Untracked 
|   6|0x00000007c0600000, 0x00000007c0600000, 0x00000007c0700000|  0%| F|  |TAMS 0x00000007c0600000, 0x00000007c0600000| Untracked 
|   7|0x00000007c0700000, 0x00000007c0700000, 0x00000007c0800000|  0%| F|  |TAMS 0x00000007c0700000, 0x00000007c0700000| Untracked 
|   8|0x00000007c0800000, 0x00000007c0800000, 0x00000007c0900000|  0%| F|  |TAMS 0x00000007c0800000, 0x00000007c0800000| Untracked 
|   9|0x00000007c0900000, 0x00000007c0900000, 0x00000007c0a00000|  0%| F|  |TAMS 0x00000007c0900000, 0x00000007c0900000| Untracked 
|  10|0x00000007c0a00000, 0x00000007c0a00000, 0x00000007c0b00000|  0%| F|  |TAMS 0x00000007c0a00000, 0x00000007c0a00000| Untracked 
|  11|0x00000007c0b00000, 0x00000007c0b00000, 0x00000007c0c00000|  0%| F|  |TAMS 0x00000007c0b00000, 0x00000007c0b00000| Untracked 
|  12|0x00000007c0c00000, 0x00000007c0c00000, 0x00000007c0d00000|  0%| F|  |TAMS 0x00000007c0c00000, 0x00000007c0c00000| Untracked 
|  13|0x00000007c0d00000, 0x00000007c0d00000, 0x00000007c0e00000|  0%| F|  |TAMS 0x00000007c0d00000, 0x00000007c0d00000| Untracked 
|  14|0x00000007c0e00000, 0x00000007c0e00000, 0x00000007c0f00000|  0%| F|  |TAMS 0x00000007c0e00000, 0x00000007c0e00000| Untracked 
|  15|0x00000007c0f00000, 0x00000007c0f00000, 0x00000007c1000000|  0%| F|  |TAMS 0x00000007c0f00000, 0x00000007c0f00000| Untracked 
|  16|0x00000007c1000000, 0x00000007c1000000, 0x00000007c1100000|  0%| F|  |TAMS 0x00000007c1000000, 0x00000007c1000000| Untracked 
|  17|0x00000007c1100000, 0x00000007c1100000, 0x00000007c1200000|  0%| F|  |TAMS 0x00000007c1100000, 0x00000007c1100000| Untracked 
|  18|0x00000007c1200000, 0x00000007c1200000, 0x00000007c1300000|  0%| F|  |TAMS 0x00000007c1200000, 0x00000007c1200000| Untracked 
|  19|0x00000007c1300000, 0x00000007c1300000, 0x00000007c1400000|  0%| F|  |TAMS 0x00000007c1300000, 0x00000007c1300000| Untracked 
|  20|0x00000007c1400000, 0x00000007c1400000, 0x00000007c1500000|  0%| F|  |TAMS 0x00000007c1400000, 0x00000007c1400000| Untracked 
|  21|0x00000007c1500000, 0x00000007c1500000, 0x00000007c1600000|  0%| F|  |TAMS 0x00000007c1500000, 0x00000007c1500000| Untracked 
|  22|0x00000007c1600000, 0x00000007c1600000, 0x00000007c1700000|  0%| F|  |TAMS 0x00000007c1600000, 0x00000007c1600000| Untracked 
|  23|0x00000007c1700000, 0x00000007c1700000, 0x00000007c1800000|  0%| F|  |TAMS 0x00000007c1700000, 0x00000007c1700000| Untracked 
|  24|0x00000007c1800000, 0x00000007c1800000, 0x00000007c1900000|  0%| F|  |TAMS 0x00000007c1800000, 0x00000007c1800000| Untracked 
|  25|0x00000007c1900000, 0x00000007c1900000, 0x00000007c1a00000|  0%| F|  |TAMS 0x00000007c1900000, 0x00000007c1900000| Untracked 
|  26|0x00000007c1a00000, 0x00000007c1a00000, 0x00000007c1b00000|  0%| F|  |TAMS 0x00000007c1a00000, 0x00000007c1a00000| Untracked 
|  27|0x00000007c1b00000, 0x00000007c1b00000, 0x00000007c1c00000|  0%| F|  |TAMS 0x00000007c1b00000, 0x00000007c1b00000| Untracked 
|  28|0x00000007c1c00000, 0x00000007c1c00000, 0x00000007c1d00000|  0%| F|  |TAMS 0x00000007c1c00000, 0x00000007c1c00000| Untracked 
|  29|0x00000007c1d00000, 0x00000007c1d00000, 0x00000007c1e00000|  0%| F|  |TAMS 0x00000007c1d00000, 0x00000007c1d00000| Untracked 
|  30|0x00000007c1e00000, 0x00000007c1e00000, 0x00000007c1f00000|  0%| F|  |TAMS 0x00000007c1e00000, 0x00000007c1e00000| Untracked 
|  31|0x00000007c1f00000, 0x00000007c1f00000, 0x00000007c2000000|  0%| F|  |TAMS 0x00000007c1f00000, 0x00000007c1f00000| Untracked 
|  32|0x00000007c2000000, 0x00000007c2000000, 0x00000007c2100000|  0%| F|  |TAMS 0x00000007c2000000, 0x00000007c2000000| Untracked 
|  33|0x00000007c2100000, 0x00000007c2100000, 0x00000007c2200000|  0%| F|  |TAMS 0x00000007c2100000, 0x00000007c2100000| Untracked 
|  34|0x00000007c2200000, 0x00000007c2200000, 0x00000007c2300000|  0%| F|  |TAMS 0x00000007c2200000, 0x00000007c2200000| Untracked 
|  35|0x00000007c2300000, 0x00000007c2300000, 0x00000007c2400000|  0%| F|  |TAMS 0x00000007c2300000, 0x00000007c2300000| Untracked 
|  36|0x00000007c2400000, 0x00000007c2400000, 0x00000007c2500000|  0%| F|  |TAMS 0x00000007c2400000, 0x00000007c2400000| Untracked 
|  37|0x00000007c2500000, 0x00000007c2500000, 0x00000007c2600000|  0%| F|  |TAMS 0x00000007c2500000, 0x00000007c2500000| Untracked 
|  38|0x00000007c2600000, 0x00000007c2600000, 0x00000007c2700000|  0%| F|  |TAMS 0x00000007c2600000, 0x00000007c2600000| Untracked 
|  39|0x00000007c2700000, 0x00000007c2700000, 0x00000007c2800000|  0%| F|  |TAMS 0x00000007c2700000, 0x00000007c2700000| Untracked 
|  40|0x00000007c2800000, 0x00000007c2800000, 0x00000007c2900000|  0%| F|  |TAMS 0x00000007c2800000, 0x00000007c2800000| Untracked 
|  41|0x00000007c2900000, 0x00000007c2900000, 0x00000007c2a00000|  0%| F|  |TAMS 0x00000007c2900000, 0x00000007c2900000| Untracked 
|  42|0x00000007c2a00000, 0x00000007c2a00000, 0x00000007c2b00000|  0%| F|  |TAMS 0x00000007c2a00000, 0x00000007c2a00000| Untracked 
|  43|0x00000007c2b00000, 0x00000007c2b00000, 0x00000007c2c00000|  0%| F|  |TAMS 0x00000007c2b00000, 0x00000007c2b00000| Untracked 
|  44|0x00000007c2c00000, 0x00000007c2c00000, 0x00000007c2d00000|  0%| F|  |TAMS 0x00000007c2c00000, 0x00000007c2c00000| Untracked 
|  45|0x00000007c2d00000, 0x00000007c2d00000, 0x00000007c2e00000|  0%| F|  |TAMS 0x00000007c2d00000, 0x00000007c2d00000| Untracked 
|  46|0x00000007c2e00000, 0x00000007c2e00000, 0x00000007c2f00000|  0%| F|  |TAMS 0x00000007c2e00000, 0x00000007c2e00000| Untracked 
|  47|0x00000007c2f00000, 0x00000007c2f00000, 0x00000007c3000000|  0%| F|  |TAMS 0x00000007c2f00000, 0x00000007c2f00000| Untracked 
|  48|0x00000007c3000000, 0x00000007c3000000, 0x00000007c3100000|  0%| F|  |TAMS 0x00000007c3000000, 0x00000007c3000000| Untracked 
|  49|0x00000007c3100000, 0x00000007c3100000, 0x00000007c3200000|  0%| F|  |TAMS 0x00000007c3100000, 0x00000007c3100000| Untracked 
|  50|0x00000007c3200000, 0x00000007c3200000, 0x00000007c3300000|  0%| F|  |TAMS 0x00000007c3200000, 0x00000007c3200000| Untracked 
|  51|0x00000007c3300000, 0x00000007c3300000, 0x00000007c3400000|  0%| F|  |TAMS 0x00000007c3300000, 0x00000007c3300000| Untracked 
|  52|0x00000007c3400000, 0x00000007c3400000, 0x00000007c3500000|  0%| F|  |TAMS 0x00000007c3400000, 0x00000007c3400000| Untracked 
|  53|0x00000007c3500000, 0x00000007c35d7960, 0x00000007c3600000| 84%| E|  |TAMS 0x00000007c3500000, 0x00000007c3500000| Complete 
|  54|0x00000007c3600000, 0x00000007c3700000, 0x00000007c3700000|100%| E|CS|TAMS 0x00000007c3600000, 0x00000007c3600000| Complete 
|  55|0x00000007c3700000, 0x00000007c3800000, 0x00000007c3800000|100%| E|CS|TAMS 0x00000007c3700000, 0x00000007c3700000| Complete 
|  56|0x00000007c3800000, 0x00000007c3900000, 0x00000007c3900000|100%| E|CS|TAMS 0x00000007c3800000, 0x00000007c3800000| Complete 
|  57|0x00000007c3900000, 0x00000007c3a00000, 0x00000007c3a00000|100%| E|CS|TAMS 0x00000007c3900000, 0x00000007c3900000| Complete 
|  58|0x00000007c3a00000, 0x00000007c3b00000, 0x00000007c3b00000|100%| E|CS|TAMS 0x00000007c3a00000, 0x00000007c3a00000| Complete 
|  59|0x00000007c3b00000, 0x00000007c3c00000, 0x00000007c3c00000|100%| E|CS|TAMS 0x00000007c3b00000, 0x00000007c3b00000| Complete 
|  60|0x00000007c3c00000, 0x00000007c3d00000, 0x00000007c3d00000|100%| E|CS|TAMS 0x00000007c3c00000, 0x00000007c3c00000| Complete 
|  61|0x00000007c3d00000, 0x00000007c3e00000, 0x00000007c3e00000|100%| E|CS|TAMS 0x00000007c3d00000, 0x00000007c3d00000| Complete 
|  62|0x00000007c3e00000, 0x00000007c3f00000, 0x00000007c3f00000|100%| E|CS|TAMS 0x00000007c3e00000, 0x00000007c3e00000| Complete 
|  63|0x00000007c3f00000, 0x00000007c4000000, 0x00000007c4000000|100%| E|CS|TAMS 0x00000007c3f00000, 0x00000007c3f00000| Complete 

Card table byte_map: [0x000000010cc9a000,0x000000010ce9a000] _byte_map_base: 0x0000000108e9a000

Marking Bits (Prev, Next): (CMBitMap*) 0x00007fb0e802cc18, (CMBitMap*) 0x00007fb0e802cc50
 Prev Bits: [0x0000000128559000, 0x0000000129559000)
 Next Bits: [0x0000000129559000, 0x000000012a559000)

Polling page: 0x000000010c852000

Metaspace:

Usage:
  Non-class:     13.68 MB capacity,    13.51 MB ( 99%) used,   124.70 KB ( <1%) free+waste,    43.25 KB ( <1%) overhead. 
      Class:      1.81 MB capacity,     1.62 MB ( 89%) used,   176.98 KB ( 10%) free+waste,    23.88 KB (  1%) overhead. 
       Both:     15.49 MB capacity,    15.13 MB ( 98%) used,   301.68 KB (  2%) free+waste,    67.12 KB ( <1%) overhead. 

Virtual space:
  Non-class space:       14.00 MB reserved,      13.75 MB ( 98%) committed 
      Class space:        1.00 GB reserved,       1.88 MB ( <1%) committed 
             Both:        1.01 GB reserved,      15.62 MB (  2%) committed 

Chunk freelists:
   Non-Class:  3.25 KB
       Class:  0 bytes
        Both:  3.25 KB

CodeHeap 'non-profiled nmethods': size=120032Kb used=351Kb max_used=351Kb free=119680Kb
 bounds [0x0000000121021000, 0x0000000121291000, 0x0000000128559000]
CodeHeap 'profiled nmethods': size=120032Kb used=1957Kb max_used=1957Kb free=118074Kb
 bounds [0x0000000119ae9000, 0x0000000119d59000, 0x0000000121021000]
CodeHeap 'non-nmethods': size=5696Kb used=1216Kb max_used=1230Kb free=4479Kb
 bounds [0x0000000119559000, 0x00000001197c9000, 0x0000000119ae9000]
 total_blobs=1785 nmethods=1178 adapters=520
 compilation: enabled
              stopped_count=0, restarted_count=0
 full_count=0

Compilation events (10 events):
Event: 24.633 Thread 0x00007fb0e803b000 1175       1       sun.java2d.opengl.CGLSurfaceData::getDeviceConfiguration (5 bytes)
Event: 24.633 Thread 0x00007fb0e803b000 nmethod 1175 0x0000000121078790 code [0x0000000121078920, 0x00000001210789d0]
Event: 24.633 Thread 0x00007fb0e803b000 1177       1       javax.swing.plaf.basic.BasicTextUI::getComponent (5 bytes)
Event: 24.633 Thread 0x00007fb0e803b000 nmethod 1177 0x0000000121078a10 code [0x0000000121078ba0, 0x0000000121078c50]
Event: 25.133 Thread 0x00007fb0e803b000 1178       3       sun.java2d.SunGraphics2D::dispose (12 bytes)
Event: 25.133 Thread 0x00007fb0e803b000 nmethod 1178 0x0000000119cd1d90 code [0x0000000119cd1f40, 0x0000000119cd20e0]
Event: 25.133 Thread 0x00007fb0e803b000 1179       3       javax.swing.plaf.InsetsUIResource::<init> (10 bytes)
Event: 25.134 Thread 0x00007fb0e803b000 nmethod 1179 0x0000000119cd2190 code [0x0000000119cd2340, 0x0000000119cd2510]
Event: 25.134 Thread 0x00007fb0e803b000 1180       1       sun.awt.image.VolatileSurfaceManager::getPrimarySurfaceData (5 bytes)
Event: 25.134 Thread 0x00007fb0e803b000 nmethod 1180 0x0000000121078c90 code [0x0000000121078e20, 0x0000000121078ed0]

GC Heap History (0 events):
No events

Deoptimization events (4 events):
Event: 3.746 Thread 0x00007fb0e800b800 Uncommon trap: reason=unstable_if action=reinterpret pc=0x000000012105043c method=jdk.internal.org.objectweb.asm.Frame.execute(IILjdk/internal/org/objectweb/asm/ClassWriter;Ljdk/internal/org/objectweb/asm/Item;)V @ 1 c2
Event: 3.858 Thread 0x00007fb0e800b800 Uncommon trap: reason=unstable_if action=reinterpret pc=0x000000012102fa78 method=java.lang.String.isLatin1()Z @ 10 c2
Event: 3.859 Thread 0x00007fb0e800b800 Uncommon trap: reason=unstable_if action=reinterpret pc=0x000000012102c030 method=java.util.HashMap.putVal(ILjava/lang/Object;Ljava/lang/Object;ZZ)Ljava/lang/Object; @ 181 c2
Event: 6.827 Thread 0x00007fb0e800b800 Uncommon trap: reason=unstable_if action=reinterpret pc=0x00000001210606cc method=java.lang.StringLatin1.toLowerCase(Ljava/lang/String;[BLjava/util/Locale;)Ljava/lang/String; @ 40 c2

Classes redefined (0 events):
No events

Internal exceptions (10 events):
Event: 3.578 Thread 0x00007fb0e800b800 Exception <a 'java/lang/NoSuchMethodError'{0x00000007c387f248}: java.lang.invoke.DirectMethodHandle$Holder.invokeStatic(Ljava/lang/Object;Ljava/lang/Object;J)V> (0x00000007c387f248) thrown at [./open/src/hotspot/share/interpreter/linkResolver.cpp, line 77
Event: 3.868 Thread 0x00007fb0e800b800 Exception <a 'java/lang/NoSuchMethodError'{0x00000007c3760c28}: java.lang.invoke.DirectMethodHandle$Holder.invokeStatic(Ljava/lang/Object;Ljava/lang/Object;Ljava/lang/Object;Ljava/lang/Object;Ljava/lang/Object;Ljava/lang/Object;Ljava/lang/Object;Ljava/lan
Event: 3.878 Thread 0x00007fb0e800b800 Exception <a 'java/lang/NoSuchMethodError'{0x00000007c377eb20}: java.lang.invoke.DirectMethodHandle$Holder.invokeStatic(Ljava/lang/Object;Ljava/lang/Object;Ljava/lang/Object;Ljava/lang/Object;Ljava/lang/Object;Ljava/lang/Object;Ljava/lang/Object;Ljava/lan
Event: 3.890 Thread 0x00007fb0e800b800 Exception <a 'java/lang/NoSuchMethodError'{0x00000007c37a0aa0}: java.lang.invoke.DirectMethodHandle$Holder.invokeStatic(Ljava/lang/Object;Ljava/lang/Object;Ljava/lang/Object;Ljava/lang/Object;Ljava/lang/Object;Ljava/lang/Object;Ljava/lang/Object;Ljava/lan
Event: 3.893 Thread 0x00007fb0e800b800 Exception <a 'java/lang/NoSuchMethodError'{0x00000007c37c0f10}: java.lang.invoke.DirectMethodHandle$Holder.invokeStatic(Ljava/lang/Object;Ljava/lang/Object;Ljava/lang/Object;Ljava/lang/Object;Ljava/lang/Object;Ljava/lang/Object;Ljava/lang/Object;Ljava/lan
Event: 7.184 Thread 0x00007fb0e800b800 Exception <a 'java/lang/NoSuchMethodError'{0x00000007c3656008}: java.lang.invoke.DirectMethodHandle$Holder.invokeSpecial(Ljava/lang/Object;Ljava/lang/Object;J)V> (0x00000007c3656008) thrown at [./open/src/hotspot/share/interpreter/linkResolver.cpp, line 7
Event: 7.187 Thread 0x00007fb0e800b800 Exception <a 'java/lang/NoSuchMethodError'{0x00000007c365bac0}: java.lang.invoke.DirectMethodHandle$Holder.invokeStatic(Ljava/lang/Object;JJ)V> (0x00000007c365bac0) thrown at [./open/src/hotspot/share/interpreter/linkResolver.cpp, line 772]
Event: 7.188 Thread 0x00007fb0e800b800 Exception <a 'java/lang/NoSuchMethodError'{0x00000007c3660cd8}: java.lang.invoke.DirectMethodHandle$Holder.invokeStatic(Ljava/lang/Object;J)Ljava/lang/Object;> (0x00000007c3660cd8) thrown at [./open/src/hotspot/share/interpreter/linkResolver.cpp, line 772
Event: 7.192 Thread 0x00007fb0e800b800 Exception <a 'java/lang/NoSuchMethodError'{0x00000007c366fc48}: java.lang.invoke.Invokers$Holder.linkToTargetMethod(Ljava/lang/Object;ILjava/lang/Object;)Ljava/lang/Object;> (0x00000007c366fc48) thrown at [./open/src/hotspot/share/interpreter/linkResolver
Event: 7.247 Thread 0x00007fb0e817d800 Exception <a 'java/lang/NoSuchMethodError'{0x00000007c38a89b8}: java.lang.invoke.DirectMethodHandle$Holder.invokeStatic(Ljava/lang/Object;IILjava/lang/Object;Ljava/lang/Object;Ljava/lang/Object;)Ljava/lang/Object;> (0x00000007c38a89b8) thrown at [./open/s

Events (10 events):
Event: 7.512 loading class java/time/temporal/TemporalAmount done
Event: 7.512 loading class java/time/Duration done
Event: 7.512 loading class java/math/BigInteger
Event: 7.514 loading class java/math/BigInteger done
Event: 8.016 loading class javax/swing/Timer$1
Event: 8.016 loading class javax/swing/Timer$1 done
Event: 12.021 Executing VM operation: RevokeBias
Event: 12.021 Executing VM operation: RevokeBias done
Event: 21.587 loading class java/awt/LightweightDispatcher$2
Event: 21.587 loading class java/awt/LightweightDispatcher$2 done


Dynamic libraries:
0x00007fff34fde000 	/System/Library/Frameworks/Cocoa.framework/Versions/A/Cocoa
0x00007fff22323000 	/System/Library/Frameworks/Security.framework/Versions/A/Security
0x00007fff331e6000 	/System/Library/Frameworks/ApplicationServices.framework/Versions/A/ApplicationServices
0x00007fff2a5a5000 	/usr/lib/libz.1.dylib
0x000000010c7e4000 	/Library/Java/JavaVirtualMachines/jdk-11.0.12.jdk/Contents/Home/lib/jli/libjli.dylib
0x00007fff2a66d000 	/usr/lib/libSystem.B.dylib
0x00007fff22d54000 	/System/Library/Frameworks/AppKit.framework/Versions/C/AppKit
0x00007fff25c18000 	/System/Library/Frameworks/CoreData.framework/Versions/A/CoreData
0x00007fff212bb000 	/System/Library/Frameworks/Foundation.framework/Versions/C/Foundation
0x00007fff23aa0000 	/System/Library/PrivateFrameworks/UIFoundation.framework/Versions/A/UIFoundation
0x00007fff2fca0000 	/System/Library/PrivateFrameworks/RemoteViewServices.framework/Versions/A/RemoteViewServices
0x00007fff28ab1000 	/System/Library/PrivateFrameworks/XCTTargetBootstrap.framework/Versions/A/XCTTargetBootstrap
0x00007fff2b796000 	/usr/lib/libspindump.dylib
0x00007fff23cef000 	/System/Library/Frameworks/UniformTypeIdentifiers.framework/Versions/A/UniformTypeIdentifiers
0x00007fff272b5000 	/usr/lib/libapp_launch_measurement.dylib
0x00007fff272b8000 	/System/Library/PrivateFrameworks/CoreAutoLayout.framework/Versions/A/CoreAutoLayout
0x00007fff28418000 	/System/Library/Frameworks/Metal.framework/Versions/A/Metal
0x00007fff2910e000 	/usr/lib/liblangid.dylib
0x00007fff28ab5000 	/System/Library/PrivateFrameworks/CoreSVG.framework/Versions/A/CoreSVG
0x00007fff24d2f000 	/System/Library/PrivateFrameworks/SkyLight.framework/Versions/A/SkyLight
0x00007fff25095000 	/System/Library/Frameworks/CoreGraphics.framework/Versions/A/CoreGraphics
0x00007fff301c7000 	/System/Library/Frameworks/Accelerate.framework/Versions/A/Accelerate
0x00007fff2b1d4000 	/System/Library/PrivateFrameworks/IconServices.framework/Versions/A/IconServices
0x00007fff283fc000 	/System/Library/Frameworks/IOSurface.framework/Versions/A/IOSurface
0x00007fff265a0000 	/usr/lib/libDiagnosticMessagesClient.dylib
0x00007fff28a9d000 	/System/Library/PrivateFrameworks/DFRFoundation.framework/Versions/A/DFRFoundation
0x00007fff2267b000 	/usr/lib/libicucore.A.dylib
0x00007fff2ccdf000 	/System/Library/Frameworks/AudioToolbox.framework/Versions/A/AudioToolbox
0x00007fff2bf67000 	/System/Library/PrivateFrameworks/DataDetectorsCore.framework/Versions/A/DataDetectorsCore
0x00007fff24ca2000 	/usr/lib/libMobileGestalt.dylib
0x00007fff287a1000 	/System/Library/Frameworks/Carbon.framework/Versions/A/Frameworks/HIToolbox.framework/Versions/A/HIToolbox
0x00007fff26cfa000 	/System/Library/Frameworks/QuartzCore.framework/Versions/A/QuartzCore
0x00007fff2fcd8000 	/System/Library/Frameworks/Carbon.framework/Versions/A/Frameworks/SpeechRecognition.framework/Versions/A/SpeechRecognition
0x00007fff2701a000 	/System/Library/PrivateFrameworks/CoreUI.framework/Versions/A/CoreUI
0x00007fff21c91000 	/System/Library/Frameworks/CoreAudio.framework/Versions/A/CoreAudio
0x00007fff2668b000 	/System/Library/Frameworks/DiskArbitration.framework/Versions/A/DiskArbitration
0x00007fff2bb64000 	/System/Library/PrivateFrameworks/MultitouchSupport.framework/Versions/A/MultitouchSupport
0x00007fff2bf5e000 	/System/Library/PrivateFrameworks/InternationalSupport.framework/Versions/A/InternationalSupport
0x00007fff24ca1000 	/usr/lib/libenergytrace.dylib
0x00007fff22c4b000 	/System/Library/Frameworks/IOKit.framework/Versions/A/IOKit
0x00007fff3000b000 	/System/Library/Frameworks/CoreServices.framework/Versions/A/CoreServices
0x00007fff27247000 	/System/Library/PrivateFrameworks/PerformanceAnalysis.framework/Versions/A/PerformanceAnalysis
0x00007fff6bb76000 	/System/Library/Frameworks/OpenGL.framework/Versions/A/OpenGL
0x00007fff2bfe2000 	/System/Library/PrivateFrameworks/UserActivity.framework/Versions/A/UserActivity
0x00007fff2032c000 	/usr/lib/libobjc.A.dylib
0x00007fff2571f000 	/System/Library/Frameworks/ColorSync.framework/Versions/A/ColorSync
0x00007fff2050c000 	/System/Library/Frameworks/CoreFoundation.framework/Versions/A/CoreFoundation
0x00007fff28d1c000 	/System/Library/Frameworks/CoreImage.framework/Versions/A/CoreImage
0x00007fff21aab000 	/System/Library/Frameworks/CoreText.framework/Versions/A/CoreText
0x00007fff28adf000 	/System/Library/Frameworks/ImageIO.framework/Versions/A/ImageIO
0x00007fff2a673000 	/System/Library/PrivateFrameworks/SoftLinking.framework/Versions/A/SoftLinking
0x00007fff27300000 	/usr/lib/libxml2.2.dylib
0x00007fff203f2000 	/usr/lib/libc++.1.dylib
0x00007fff2a8e4000 	/usr/lib/libcompression.dylib
0x00007fff2be90000 	/System/Library/PrivateFrameworks/TextureIO.framework/Versions/A/TextureIO
0x00007fff2af13000 	/usr/lib/libate.dylib
0x00007fff2a667000 	/usr/lib/system/libcache.dylib
0x00007fff2a623000 	/usr/lib/system/libcommonCrypto.dylib
0x00007fff2a64d000 	/usr/lib/system/libcompiler_rt.dylib
0x00007fff2a642000 	/usr/lib/system/libcopyfile.dylib
0x00007fff2021c000 	/usr/lib/system/libcorecrypto.dylib
0x00007fff202e7000 	/usr/lib/system/libdispatch.dylib
0x00007fff2049a000 	/usr/lib/system/libdyld.dylib
0x00007fff2a65e000 	/usr/lib/system/libkeymgr.dylib
0x00007fff2da76000 	/usr/lib/system/liblaunch.dylib
0x00007fff2a601000 	/usr/lib/system/libmacho.dylib
0x00007fff29df9000 	/usr/lib/system/libquarantine.dylib
0x00007fff2a65b000 	/usr/lib/system/libremovefile.dylib
0x00007fff24cff000 	/usr/lib/system/libsystem_asl.dylib
0x00007fff201cc000 	/usr/lib/system/libsystem_blocks.dylib
0x00007fff20369000 	/usr/lib/system/libsystem_c.dylib
0x00007fff2a655000 	/usr/lib/system/libsystem_collections.dylib
0x00007fff290ff000 	/usr/lib/system/libsystem_configuration.dylib
0x00007fff283eb000 	/usr/lib/system/libsystem_containermanager.dylib
0x00007fff2a3a4000 	/usr/lib/system/libsystem_coreservices.dylib
0x00007fff228db000 	/usr/lib/system/libsystem_darwin.dylib
0x00007fff2a65f000 	/usr/lib/system/libsystem_dnssd.dylib
0x00007fff20366000 	/usr/lib/system/libsystem_featureflags.dylib
0x00007fff204e0000 	/usr/lib/system/libsystem_info.dylib
0x00007fff2a5b8000 	/usr/lib/system/libsystem_m.dylib
0x00007fff202ba000 	/usr/lib/system/libsystem_malloc.dylib
0x00007fff24c92000 	/usr/lib/system/libsystem_networkextension.dylib
0x00007fff22cfa000 	/usr/lib/system/libsystem_notify.dylib
0x00007fff2ff0d000 	/usr/lib/system/libsystem_product_info_filter.dylib
0x00007fff29103000 	/usr/lib/system/libsystem_sandbox.dylib
0x00007fff2a658000 	/usr/lib/system/libsystem_secinit.dylib
0x00007fff2045e000 	/usr/lib/system/libsystem_kernel.dylib
0x00007fff204d6000 	/usr/lib/system/libsystem_platform.dylib
0x00007fff2048e000 	/usr/lib/system/libsystem_pthread.dylib
0x00007fff263dc000 	/usr/lib/system/libsystem_symptoms.dylib
0x00007fff20204000 	/usr/lib/system/libsystem_trace.dylib
0x00007fff2a62f000 	/usr/lib/system/libunwind.dylib
0x00007fff201ce000 	/usr/lib/system/libxpc.dylib
0x00007fff20448000 	/usr/lib/libc++abi.dylib
0x00007fff2a63a000 	/usr/lib/liboah.dylib
0x00007fff2acf8000 	/usr/lib/liblzma.5.dylib
0x00007fff20fcf000 	/System/Library/Frameworks/SystemConfiguration.framework/Versions/A/SystemConfiguration
0x00007fff2a66f000 	/usr/lib/libfakelink.dylib
0x00007fff247f3000 	/System/Library/Frameworks/CFNetwork.framework/Versions/A/CFNetwork
0x00007fff2a7af000 	/usr/lib/libarchive.2.dylib
0x00007fff2104d000 	/usr/lib/libCRFSuite.dylib
0x00007fff29e20000 	/usr/lib/libbsm.0.dylib
0x00007fff2416c000 	/usr/lib/libnetwork.dylib
0x00007fff2a674000 	/usr/lib/libpcap.A.dylib
0x00007fff263d5000 	/usr/lib/libdns_services.dylib
0x00007fff2ad11000 	/usr/lib/libcoretls_cfhelpers.dylib
0x00007fff2a8ae000 	/usr/lib/libapple_nghttp2.dylib
0x00007fff2a607000 	/usr/lib/system/libkxld.dylib
0x00007fff2604e000 	/usr/lib/libsqlite3.dylib
0x00007fff2a387000 	/System/Library/PrivateFrameworks/AppleFSCompression.framework/Versions/A/AppleFSCompression
0x00007fff29e08000 	/usr/lib/libcoretls.dylib
0x00007fff2a8df000 	/usr/lib/libpam.2.dylib
0x00007fff2ae0f000 	/usr/lib/libxar.1.dylib
0x00007fff2910a000 	/System/Library/PrivateFrameworks/AppleSystemInfo.framework/Versions/A/AppleSystemInfo
0x00007fff29a4a000 	/System/Library/PrivateFrameworks/IOMobileFramebuffer.framework/Versions/A/IOMobileFramebuffer
0x00007fff2a397000 	/usr/lib/libbz2.1.0.dylib
0x00007fff2a6ac000 	/usr/lib/libiconv.2.dylib
0x00007fff2a600000 	/usr/lib/libcharset.1.dylib
0x00007fff27283000 	/System/Library/Frameworks/CoreServices.framework/Versions/A/Frameworks/FSEvents.framework/Versions/A/FSEvents
0x00007fff228e5000 	/System/Library/Frameworks/CoreServices.framework/Versions/A/Frameworks/CarbonCore.framework/Versions/A/CarbonCore
0x00007fff265f0000 	/System/Library/Frameworks/CoreServices.framework/Versions/A/Frameworks/Metadata.framework/Versions/A/Metadata
0x00007fff2a3a9000 	/System/Library/Frameworks/CoreServices.framework/Versions/A/Frameworks/OSServices.framework/Versions/A/OSServices
0x00007fff2a821000 	/System/Library/Frameworks/CoreServices.framework/Versions/A/Frameworks/SearchKit.framework/Versions/A/SearchKit
0x00007fff26360000 	/System/Library/Frameworks/CoreServices.framework/Versions/A/Frameworks/AE.framework/Versions/A/AE
0x00007fff209aa000 	/System/Library/Frameworks/CoreServices.framework/Versions/A/Frameworks/LaunchServices.framework/Versions/A/LaunchServices
0x00007fff2aca8000 	/System/Library/Frameworks/CoreServices.framework/Versions/A/Frameworks/DictionaryServices.framework/Versions/A/DictionaryServices
0x00007fff27290000 	/System/Library/Frameworks/CoreServices.framework/Versions/A/Frameworks/SharedFileList.framework/Versions/A/SharedFileList
0x00007fff29dfc000 	/usr/lib/libCheckFix.dylib
0x00007fff24d16000 	/System/Library/PrivateFrameworks/TCC.framework/Versions/A/TCC
0x00007fff29110000 	/System/Library/PrivateFrameworks/CoreNLP.framework/Versions/A/CoreNLP
0x00007fff265a3000 	/System/Library/PrivateFrameworks/MetadataUtilities.framework/Versions/A/MetadataUtilities
0x00007fff21082000 	/usr/lib/libmecabra.dylib
0x00007fff2a106000 	/System/Library/Frameworks/MLCompute.framework/Versions/A/MLCompute
0x00007fff29e31000 	/usr/lib/libmecab.dylib
0x00007fff29e7b000 	/usr/lib/libgermantok.dylib
0x00007fff2a889000 	/usr/lib/libThaiTokenizer.dylib
0x00007fff2ae4a000 	/usr/lib/libChineseTokenizer.dylib
0x00007fff2a8dd000 	/System/Library/Frameworks/MetalPerformanceShaders.framework/Versions/A/MetalPerformanceShaders
0x00007fff26692000 	/System/Library/Frameworks/Accelerate.framework/Versions/A/Frameworks/vImage.framework/Versions/A/vImage
0x00007fff2ffe5000 	/System/Library/Frameworks/Accelerate.framework/Versions/A/Frameworks/vecLib.framework/Versions/A/vecLib
0x00007fff2ae55000 	/System/Library/Frameworks/Accelerate.framework/Versions/A/Frameworks/vecLib.framework/Versions/A/libvMisc.dylib
0x00007fff29865000 	/System/Library/Frameworks/Accelerate.framework/Versions/A/Frameworks/vecLib.framework/Versions/A/libvDSP.dylib
0x00007fff20cb5000 	/System/Library/Frameworks/Accelerate.framework/Versions/A/Frameworks/vecLib.framework/Versions/A/libBLAS.dylib
0x00007fff2a90a000 	/System/Library/Frameworks/Accelerate.framework/Versions/A/Frameworks/vecLib.framework/Versions/A/libLAPACK.dylib
0x00007fff29e81000 	/System/Library/Frameworks/Accelerate.framework/Versions/A/Frameworks/vecLib.framework/Versions/A/libLinearAlgebra.dylib
0x00007fff2a8c6000 	/System/Library/Frameworks/Accelerate.framework/Versions/A/Frameworks/vecLib.framework/Versions/A/libSparseBLAS.dylib
0x00007fff2a904000 	/System/Library/Frameworks/Accelerate.framework/Versions/A/Frameworks/vecLib.framework/Versions/A/libQuadrature.dylib
0x00007fff291bc000 	/System/Library/Frameworks/Accelerate.framework/Versions/A/Frameworks/vecLib.framework/Versions/A/libBNNS.dylib
0x00007fff20f60000 	/System/Library/Frameworks/Accelerate.framework/Versions/A/Frameworks/vecLib.framework/Versions/A/libSparse.dylib
0x00007fff29098000 	/System/Library/Frameworks/MetalPerformanceShaders.framework/Versions/A/Frameworks/MPSCore.framework/Versions/A/MPSCore
0x00007fff2a2f6000 	/System/Library/Frameworks/MetalPerformanceShaders.framework/Versions/A/Frameworks/MPSImage.framework/Versions/A/MPSImage
0x00007fff29e97000 	/System/Library/Frameworks/MetalPerformanceShaders.framework/Versions/A/Frameworks/MPSNeuralNetwork.framework/Versions/A/MPSNeuralNetwork
0x00007fff2a268000 	/System/Library/Frameworks/MetalPerformanceShaders.framework/Versions/A/Frameworks/MPSMatrix.framework/Versions/A/MPSMatrix
0x00007fff2a0b6000 	/System/Library/Frameworks/MetalPerformanceShaders.framework/Versions/A/Frameworks/MPSRayIntersector.framework/Versions/A/MPSRayIntersector
0x00007fff2a29f000 	/System/Library/Frameworks/MetalPerformanceShaders.framework/Versions/A/Frameworks/MPSNDArray.framework/Versions/A/MPSNDArray
0x00007fff20be0000 	/System/Library/PrivateFrameworks/MetalTools.framework/Versions/A/MetalTools
0x00007fff29108000 	/System/Library/PrivateFrameworks/AggregateDictionary.framework/Versions/A/AggregateDictionary
0x00007fff26570000 	/System/Library/PrivateFrameworks/CoreAnalytics.framework/Versions/A/CoreAnalytics
0x00007fff2a88b000 	/System/Library/PrivateFrameworks/AppleSauce.framework/Versions/A/AppleSauce
0x00007fff2840e000 	/System/Library/PrivateFrameworks/IOAccelerator.framework/Versions/A/IOAccelerator
0x00007fff6bb6a000 	/System/Library/Frameworks/OpenGL.framework/Versions/A/Libraries/libCoreFSCache.dylib
0x00007fff2161a000 	/System/Library/PrivateFrameworks/LanguageModeling.framework/Versions/A/LanguageModeling
0x00007fff29a38000 	/System/Library/PrivateFrameworks/CoreEmoji.framework/Versions/A/CoreEmoji
0x00007fff291b5000 	/System/Library/PrivateFrameworks/LinguisticData.framework/Versions/A/LinguisticData
0x00007fff20f12000 	/System/Library/PrivateFrameworks/Lexicon.framework/Versions/A/Lexicon
0x00007fff2a79d000 	/usr/lib/libcmph.dylib
0x00007fff27263000 	/System/Library/Frameworks/OpenDirectory.framework/Versions/A/Frameworks/CFOpenDirectory.framework/Versions/A/CFOpenDirectory
0x00007fff27253000 	/System/Library/Frameworks/OpenDirectory.framework/Versions/A/OpenDirectory
0x00007fff2ad13000 	/System/Library/PrivateFrameworks/APFS.framework/Versions/A/APFS
0x00007fff29d5e000 	/System/Library/Frameworks/SecurityFoundation.framework/Versions/A/SecurityFoundation
0x00007fff2ae1d000 	/usr/lib/libutil.dylib
0x00007fff22c10000 	/System/Library/PrivateFrameworks/CoreServicesStore.framework/Versions/A/CoreServicesStore
0x00007fff29df4000 	/System/Library/Frameworks/ServiceManagement.framework/Versions/A/ServiceManagement
0x00007fff2ae21000 	/usr/lib/libxslt.1.dylib
0x00007fff29dea000 	/System/Library/PrivateFrameworks/BackgroundTaskManagement.framework/Versions/A/BackgroundTaskManagement
0x00007fff2bdda000 	/System/Library/Frameworks/ImageIO.framework/Versions/A/Resources/libRadiance.dylib
0x00007fff2bde4000 	/System/Library/Frameworks/ImageIO.framework/Versions/A/Resources/libJPEG.dylib
0x00007fff2bd2e000 	/System/Library/Frameworks/ImageIO.framework/Versions/A/Resources/libPng.dylib
0x00007fff2bd55000 	/System/Library/Frameworks/ImageIO.framework/Versions/A/Resources/libTIFF.dylib
0x00007fff2be39000 	/System/Library/Frameworks/ImageIO.framework/Versions/A/Resources/libGIF.dylib
0x00007fff2ba80000 	/System/Library/Frameworks/ImageIO.framework/Versions/A/Resources/libJP2.dylib
0x00007fff2b19c000 	/usr/lib/libexpat.1.dylib
0x00007fff2ba36000 	/System/Library/PrivateFrameworks/AppleJPEG.framework/Versions/A/AppleJPEG
0x00007fff28644000 	/System/Library/PrivateFrameworks/FontServices.framework/libFontParser.dylib
0x00007fff26317000 	/System/Library/PrivateFrameworks/RunningBoardServices.framework/Versions/A/RunningBoardServices
0x00007fff2bb60000 	/System/Library/PrivateFrameworks/WatchdogClient.framework/Versions/A/WatchdogClient
0x00007fff21703000 	/System/Library/Frameworks/CoreDisplay.framework/Versions/A/CoreDisplay
0x00007fff28559000 	/System/Library/Frameworks/CoreMedia.framework/Versions/A/CoreMedia
0x00007fff273e3000 	/System/Library/Frameworks/CoreVideo.framework/Versions/A/CoreVideo
0x00007fff2bb9b000 	/System/Library/Frameworks/VideoToolbox.framework/Versions/A/VideoToolbox
0x00007fff26297000 	/System/Library/PrivateFrameworks/BaseBoard.framework/Versions/A/BaseBoard
0x00007fff2b2e0000 	/System/Library/PrivateFrameworks/PersistentConnection.framework/Versions/A/PersistentConnection
0x00007fff26038000 	/System/Library/PrivateFrameworks/ProtocolBuffer.framework/Versions/A/ProtocolBuffer
0x00007fff2627f000 	/System/Library/PrivateFrameworks/CommonUtilities.framework/Versions/A/CommonUtilities
0x00007fff2b9f9000 	/System/Library/PrivateFrameworks/Bom.framework/Versions/A/Bom
0x00007fff2bdd2000 	/System/Library/PrivateFrameworks/GPUWrangler.framework/Versions/A/GPUWrangler
0x00007fff2bdb5000 	/System/Library/PrivateFrameworks/IOPresentment.framework/Versions/A/IOPresentment
0x00007fff2bdde000 	/System/Library/PrivateFrameworks/DSExternalDisplay.framework/Versions/A/DSExternalDisplay
0x00007fff2be3e000 	/System/Library/PrivateFrameworks/CMCaptureCore.framework/Versions/A/CMCaptureCore
0x00007fff2b77c000 	/System/Library/PrivateFrameworks/AppServerSupport.framework/Versions/A/AppServerSupport
0x00007fff2d819000 	/System/Library/PrivateFrameworks/perfdata.framework/Versions/A/perfdata
0x00007fff29d4d000 	/System/Library/PrivateFrameworks/AssertionServices.framework/Versions/A/AssertionServices
0x00007fff2183a000 	/System/Library/PrivateFrameworks/AudioToolboxCore.framework/Versions/A/AudioToolboxCore
0x00007fff2853c000 	/System/Library/PrivateFrameworks/caulk.framework/Versions/A/caulk
0x00007fff3ccc5000 	/System/Library/PrivateFrameworks/SystemPolicy.framework/Versions/A/SystemPolicy
0x00007fff2afab000 	/usr/lib/libIOReport.dylib
0x00007fff2d055000 	/usr/lib/libSMC.dylib
0x00007fff2bcfa000 	/usr/lib/libAudioToolboxUtility.dylib
0x00007fff3d622000 	/usr/lib/libmis.dylib
0x00007fff6bbc6000 	/System/Library/Frameworks/OpenGL.framework/Versions/A/Libraries/libGLU.dylib
0x00007fff6bb89000 	/System/Library/Frameworks/OpenGL.framework/Versions/A/Libraries/libGFXShared.dylib
0x00007fff6bd97000 	/System/Library/Frameworks/OpenGL.framework/Versions/A/Libraries/libGL.dylib
0x00007fff6bb92000 	/System/Library/Frameworks/OpenGL.framework/Versions/A/Libraries/libGLImage.dylib
0x00007fff6bb86000 	/System/Library/Frameworks/OpenGL.framework/Versions/A/Libraries/libCVMSPluginSupport.dylib
0x00007fff6bb71000 	/System/Library/Frameworks/OpenGL.framework/Versions/A/Libraries/libCoreVMClient.dylib
0x00007fff6d1e1000 	/System/Library/Frameworks/OpenCL.framework/Versions/A/OpenCL
0x00007fff2b309000 	/System/Library/PrivateFrameworks/GraphVisualizer.framework/Versions/A/GraphVisualizer
0x00007fff2b318000 	/System/Library/PrivateFrameworks/FaceCore.framework/Versions/A/FaceCore
0x00007fff2b734000 	/System/Library/PrivateFrameworks/OTSVG.framework/Versions/A/OTSVG
0x00007fff26fd8000 	/System/Library/Frameworks/ApplicationServices.framework/Versions/A/Frameworks/ATS.framework/Versions/A/Resources/libFontRegistry.dylib
0x00007fff2b783000 	/System/Library/PrivateFrameworks/FontServices.framework/libhvf.dylib
0x00007fff2b148000 	/System/Library/PrivateFrameworks/AppleVA.framework/Versions/A/AppleVA
0x00007fff2ce9d000 	/System/Library/Frameworks/ApplicationServices.framework/Versions/A/Frameworks/ATS.framework/Versions/A/ATS
0x00007fff2d1b0000 	/System/Library/Frameworks/ApplicationServices.framework/Versions/A/Frameworks/ColorSyncLegacy.framework/Versions/A/ColorSyncLegacy
0x00007fff25816000 	/System/Library/Frameworks/ApplicationServices.framework/Versions/A/Frameworks/HIServices.framework/Versions/A/HIServices
0x00007fff2d195000 	/System/Library/Frameworks/ApplicationServices.framework/Versions/A/Frameworks/LangAnalysis.framework/Versions/A/LangAnalysis
0x00007fff2be48000 	/System/Library/Frameworks/ApplicationServices.framework/Versions/A/Frameworks/PrintCore.framework/Versions/A/PrintCore
0x00007fff2d1b8000 	/System/Library/Frameworks/ApplicationServices.framework/Versions/A/Frameworks/QD.framework/Versions/A/QD
0x00007fff2ce8d000 	/System/Library/Frameworks/ApplicationServices.framework/Versions/A/Frameworks/SpeechSynthesis.framework/Versions/A/SpeechSynthesis
0x00007fff2be09000 	/System/Library/Frameworks/ApplicationServices.framework/Versions/A/Frameworks/ATSUI.framework/Versions/A/ATSUI
0x00007fff2d135000 	/usr/lib/libcups.2.dylib
0x00007fff2d1a5000 	/System/Library/PrivateFrameworks/NetAuth.framework/Versions/A/NetAuth
0x00007fff2d834000 	/System/Library/Frameworks/Kerberos.framework/Versions/A/Kerberos
0x00007fff2d844000 	/System/Library/Frameworks/GSS.framework/Versions/A/GSS
0x00007fff2cf0a000 	/usr/lib/libresolv.9.dylib
0x00007fff2b799000 	/System/Library/PrivateFrameworks/Heimdal.framework/Versions/A/Heimdal
0x00007fff334fb000 	/System/Library/Frameworks/Kerberos.framework/Versions/A/Libraries/libHeimdalProxy.dylib
0x00007fff263e4000 	/System/Library/Frameworks/Network.framework/Versions/A/Network
0x00007fff2b1b5000 	/usr/lib/libheimdal-asn1.dylib
0x00007fff2d895000 	/System/Library/PrivateFrameworks/CommonAuth.framework/Versions/A/CommonAuth
0x00007fff27431000 	/System/Library/PrivateFrameworks/login.framework/Versions/A/Frameworks/loginsupport.framework/Versions/A/loginsupport
0x00007fff2ce14000 	/System/Library/PrivateFrameworks/AudioSession.framework/Versions/A/AudioSession
0x00007fff2ce7a000 	/usr/lib/libAudioStatistics.dylib
0x00007fff2b241000 	/System/Library/PrivateFrameworks/MediaExperience.framework/Versions/A/MediaExperience
0x00007fff2ccad000 	/System/Library/PrivateFrameworks/AudioSession.framework/libSessionUtility.dylib
0x00007fff2d825000 	/usr/lib/libperfcheck.dylib
0x00007fff2d1c4000 	/System/Library/PrivateFrameworks/AudioResourceArbitration.framework/Versions/A/AudioResourceArbitration
0x00007fff2b1bf000 	/System/Library/PrivateFrameworks/IconFoundation.framework/Versions/A/IconFoundation
0x00007fff2fcc8000 	/System/Library/PrivateFrameworks/SpeechRecognitionCore.framework/Versions/A/SpeechRecognitionCore
0x000000010f000000 	/Library/Java/JavaVirtualMachines/jdk-11.0.12.jdk/Contents/Home/lib/server/libjvm.dylib
0x000000010c80a000 	/Library/Java/JavaVirtualMachines/jdk-11.0.12.jdk/Contents/Home/lib/libverify.dylib
0x000000010c81a000 	/Library/Java/JavaVirtualMachines/jdk-11.0.12.jdk/Contents/Home/lib/libjava.dylib
0x000000010c846000 	/Library/Java/JavaVirtualMachines/jdk-11.0.12.jdk/Contents/Home/lib/libjimage.dylib
0x000000010c854000 	/Library/Java/JavaVirtualMachines/jdk-11.0.12.jdk/Contents/Home/lib/libinstrument.dylib
0x000000010c8ab000 	/Library/Java/JavaVirtualMachines/jdk-11.0.12.jdk/Contents/Home/lib/libzip.dylib
0x000000010cece000 	/Library/Java/JavaVirtualMachines/jdk-11.0.12.jdk/Contents/Home/lib/libnio.dylib
0x000000010cee0000 	/Library/Java/JavaVirtualMachines/jdk-11.0.12.jdk/Contents/Home/lib/libnet.dylib
0x000000010cefa000 	/Library/Java/JavaVirtualMachines/jdk-11.0.12.jdk/Contents/Home/lib/libextnet.dylib
0x000000010cf01000 	/Library/Java/JavaVirtualMachines/jdk-11.0.12.jdk/Contents/Home/lib/libawt.dylib
0x0000000118c50000 	/Library/Java/JavaVirtualMachines/jdk-11.0.12.jdk/Contents/Home/lib/libmlib_image.dylib
0x00007fff6eb22000 	/System/Library/Frameworks/JavaRuntimeSupport.framework/Versions/A/JavaRuntimeSupport
0x00007fff3ca0f000 	/System/Library/Frameworks/Carbon.framework/Versions/A/Carbon
0x00007fff31b39000 	/System/Library/PrivateFrameworks/CoreSymbolication.framework/Versions/A/CoreSymbolication
0x00007fff364a6000 	/System/Library/Frameworks/Carbon.framework/Versions/A/Frameworks/CommonPanels.framework/Versions/A/CommonPanels
0x00007fff32f90000 	/System/Library/Frameworks/Carbon.framework/Versions/A/Frameworks/Help.framework/Versions/A/Help
0x00007fff364aa000 	/System/Library/Frameworks/Carbon.framework/Versions/A/Frameworks/ImageCapture.framework/Versions/A/ImageCapture
0x00007fff3647a000 	/System/Library/Frameworks/Carbon.framework/Versions/A/Frameworks/OpenScripting.framework/Versions/A/OpenScripting
0x00007fff364a2000 	/System/Library/Frameworks/Carbon.framework/Versions/A/Frameworks/Ink.framework/Versions/A/Ink
0x00007fff3ca0b000 	/System/Library/Frameworks/Carbon.framework/Versions/A/Frameworks/Print.framework/Versions/A/Print
0x00007fff3649e000 	/System/Library/Frameworks/Carbon.framework/Versions/A/Frameworks/SecurityHI.framework/Versions/A/SecurityHI
0x00007fff31afd000 	/System/Library/PrivateFrameworks/DebugSymbols.framework/Versions/A/DebugSymbols
0x0000000118cb9000 	/Library/Java/JavaVirtualMachines/jdk-11.0.12.jdk/Contents/Home/lib/libawt_lwawt.dylib
0x000000010cfa0000 	/Library/Java/JavaVirtualMachines/jdk-11.0.12.jdk/Contents/Home/lib/libosxapp.dylib
0x00007fff3c026000 	/System/Library/Frameworks/ExceptionHandling.framework/Versions/A/ExceptionHandling
0x0000000118d8b000 	/Library/Java/JavaVirtualMachines/jdk-11.0.12.jdk/Contents/Home/lib/libfontmanager.dylib
0x0000000118ebe000 	/Library/Java/JavaVirtualMachines/jdk-11.0.12.jdk/Contents/Home/lib/libfreetype.dylib
0x00007fff22bd1000 	/System/Library/PrivateFrameworks/CoreServicesInternal.framework/Versions/A/CoreServicesInternal
0x00007fff3104f000 	/System/Library/Frameworks/FileProvider.framework/Versions/A/FileProvider
0x00007fff26202000 	/System/Library/Frameworks/Accounts.framework/Versions/A/Accounts
0x00007fff3119f000 	/System/Library/PrivateFrameworks/GenerationalStorage.framework/Versions/A/GenerationalStorage
0x00007fff30a6f000 	/System/Library/PrivateFrameworks/SymptomDiagnosticReporter.framework/Versions/A/SymptomDiagnosticReporter
0x00007fff23d02000 	/System/Library/PrivateFrameworks/DesktopServicesPriv.framework/Versions/A/DesktopServicesPriv
0x00007fff22d06000 	/usr/lib/libsandbox.1.dylib
0x00007fff2745c000 	/System/Library/PrivateFrameworks/UserManagement.framework/Versions/A/UserManagement
0x00007fff29d2a000 	/System/Library/PrivateFrameworks/MobileKeyBag.framework/Versions/A/MobileKeyBag
0x00007fff3457e000 	/System/Library/PrivateFrameworks/ChunkingLibrary.framework/Versions/A/ChunkingLibrary
0x00007fff2e258000 	/System/Library/PrivateFrameworks/Sharing.framework/Versions/A/Sharing
0x00007fff32afd000 	/System/Library/PrivateFrameworks/Apple80211.framework/Versions/A/Apple80211
0x00007fff2a3d7000 	/System/Library/PrivateFrameworks/AuthKit.framework/Versions/A/AuthKit
0x00007fff29b28000 	/System/Library/PrivateFrameworks/CoreUtils.framework/Versions/A/CoreUtils
0x00007fff29a55000 	/System/Library/Frameworks/CoreWLAN.framework/Versions/A/CoreWLAN
0x00007fff2e3a4000 	/System/Library/Frameworks/IOBluetooth.framework/Versions/A/IOBluetooth
0x00007fff32b61000 	/System/Library/PrivateFrameworks/CoreWiFi.framework/Versions/A/CoreWiFi
0x00007fff2d91b000 	/System/Library/PrivateFrameworks/CorePhoneNumbers.framework/Versions/A/CorePhoneNumbers
0x00007fff30b76000 	/System/Library/PrivateFrameworks/DiskManagement.framework/Versions/A/DiskManagement
0x00007fff30a8c000 	/System/Library/PrivateFrameworks/AppleIDAuthSupport.framework/Versions/A/AppleIDAuthSupport
0x00007fff2d8fb000 	/System/Library/PrivateFrameworks/KeychainCircle.framework/Versions/A/KeychainCircle
0x00007fff30b42000 	/System/Library/PrivateFrameworks/MediaKit.framework/Versions/A/MediaKit
0x00007fff30a99000 	/System/Library/Frameworks/DiscRecording.framework/Versions/A/DiscRecording
0x00007fff2b0bc000 	/usr/lib/libCoreStorage.dylib
0x00007fff32f9c000 	/usr/lib/libcsfde.dylib
0x00007fff2e4df000 	/System/Library/PrivateFrameworks/ProtectedCloudStorage.framework/Versions/A/ProtectedCloudStorage
0x00007fff32f94000 	/System/Library/PrivateFrameworks/EFILogin.framework/Versions/A/EFILogin
0x00007fff335ae000 	/System/Library/Frameworks/AudioUnit.framework/Versions/A/AudioUnit
0x00007fff30a09000 	/System/Library/Frameworks/CoreBluetooth.framework/Versions/A/CoreBluetooth
0x00007fff2b0b4000 	/usr/lib/libMatch.1.dylib
0x00007fff43896000 	/System/Library/CoreServices/RawCamera.bundle/Contents/MacOS/RawCamera
0x00007fff2d8a6000 	/System/Library/PrivateFrameworks/MobileAsset.framework/Versions/A/MobileAsset
0x00007fff335d2000 	/System/Library/PrivateFrameworks/StreamingZip.framework/Versions/A/StreamingZip
0x00007fff2c040000 	/System/Library/Frameworks/MediaToolbox.framework/Versions/A/MediaToolbox
0x00007fff31021000 	/System/Library/PrivateFrameworks/CoreAVCHD.framework/Versions/A/CoreAVCHD
0x00007fff30208000 	/System/Library/Frameworks/MediaAccessibility.framework/Versions/A/MediaAccessibility
0x00007fff3101d000 	/System/Library/PrivateFrameworks/Mangrove.framework/Versions/A/Mangrove
0x00007fff30214000 	/System/Library/PrivateFrameworks/AlgosScoreFramework.framework/Versions/A/AlgosScoreFramework
0x00007fff31a0b000 	/System/Library/PrivateFrameworks/AppleVPA.framework/Versions/A/AppleVPA
0x00007fff30c62000 	/System/Library/PrivateFrameworks/CoreAUC.framework/Versions/A/CoreAUC
0x00007fff412e9000 	/System/Library/Frameworks/Accelerate.framework/Versions/A/Frameworks/vImage.framework/Versions/A/Libraries/libCGInterfaces.dylib
0x000000012f889000 	/usr/lib/libobjc-trampolines.dylib
0x00007fff2715b000 	/System/Library/PrivateFrameworks/ViewBridge.framework/Versions/A/ViewBridge
0x00007fff6f562000 	/System/Library/PrivateFrameworks/AccessibilityBundles.framework/Versions/A/AccessibilityBundles
0x00007fff6bda2000 	/System/Library/Frameworks/OpenGL.framework/Versions/A/Resources/GLEngine.bundle/GLEngine
0x00007fff6bc03000 	/System/Library/Frameworks/OpenGL.framework/Versions/A/Libraries/libGLProgrammability.dylib
0x00007fff65cd8000 	/System/Library/Extensions/AppleIntelHD5000GraphicsGLDriver.bundle/Contents/MacOS/AppleIntelHD5000GraphicsGLDriver
0x00007fff463dc000 	/System/Library/PrivateFrameworks/GPUSupport.framework/Versions/A/Libraries/libGPUSupportMercury.dylib
0x00007fff6bf20000 	/System/Library/Frameworks/OpenGL.framework/Versions/A/Resources/GLRendererFloat.bundle/GLRendererFloat
0x00007fff2b85a000 	/System/Library/PrivateFrameworks/login.framework/Versions/A/login
0x0000000131765000 	/Library/Java/JavaVirtualMachines/jdk-11.0.12.jdk/Contents/Home/lib/libosxui.dylib
0x00007fff5cfa5000 	/System/Library/CoreServices/Encodings/libSimplifiedChineseConverter.dylib
0x00007fff77a15000 	/usr/lib/libRosetta.dylib
0x00007fff40e15000 	/System/Library/PrivateFrameworks/Lookup.framework/Versions/A/Lookup
0x00007fff3d3f6000 	/System/Library/Frameworks/NaturalLanguage.framework/Versions/A/NaturalLanguage
0x00007fff3ceaa000 	/System/Library/PrivateFrameworks/DataDetectors.framework/Versions/A/DataDetectors
0x00007fff2768c000 	/System/Library/Frameworks/CoreML.framework/Versions/A/CoreML
0x00007fff25965000 	/System/Library/PrivateFrameworks/Montreal.framework/Versions/A/Montreal
0x00007fff33616000 	/System/Library/PrivateFrameworks/DuetActivityScheduler.framework/Versions/A/DuetActivityScheduler
0x00007fff27478000 	/System/Library/Frameworks/CloudKit.framework/Versions/A/CloudKit
0x00007fff336c1000 	/System/Library/PrivateFrameworks/Espresso.framework/Versions/A/Espresso
0x00007fff23ea0000 	/System/Library/PrivateFrameworks/CoreDuet.framework/Versions/A/CoreDuet
0x00007fff32543000 	/System/Library/PrivateFrameworks/CoreDuetContext.framework/Versions/A/CoreDuetContext
0x00007fff2afb3000 	/System/Library/PrivateFrameworks/CrashReporterSupport.framework/Versions/A/CrashReporterSupport
0x00007fff30a79000 	/System/Library/PrivateFrameworks/PowerLog.framework/Versions/A/PowerLog
0x00007fff31537000 	/System/Library/Frameworks/CoreTelephony.framework/Versions/A/CoreTelephony
0x00007fff33fef000 	/System/Library/PrivateFrameworks/CoreDuetDebugLogging.framework/Versions/A/CoreDuetDebugLogging
0x00007fff27434000 	/System/Library/PrivateFrameworks/ApplePushService.framework/Versions/A/ApplePushService
0x00007fff32590000 	/System/Library/Frameworks/Intents.framework/Versions/A/Intents
0x00007fff33ff2000 	/System/Library/PrivateFrameworks/CoreDuetDaemonProtocol.framework/Versions/A/CoreDuetDaemonProtocol
0x00007fff31bf9000 	/System/Library/PrivateFrameworks/Rapport.framework/Versions/A/Rapport
0x00007fff47a12000 	/System/Library/PrivateFrameworks/OSAnalytics.framework/Versions/A/OSAnalytics
0x00007fff32f23000 	/System/Library/PrivateFrameworks/RemoteServiceDiscovery.framework/Versions/A/RemoteServiceDiscovery
0x00007fff516cf000 	/System/Library/PrivateFrameworks/Symbolication.framework/Versions/A/Symbolication
0x00007fff3d602000 	/System/Library/PrivateFrameworks/MallocStackLogging.framework/Versions/A/MallocStackLogging
0x00007fff2d924000 	/usr/lib/libTelephonyUtilDynamic.dylib
0x00007fff30239000 	/System/Library/PrivateFrameworks/CoreDaemon.framework/Versions/B/CoreDaemon
0x00007fff30234000 	/System/Library/PrivateFrameworks/AppleSRP.framework/Versions/A/AppleSRP
0x00007fff3365c000 	/System/Library/PrivateFrameworks/C2.framework/Versions/A/C2
0x00007fff2836e000 	/System/Library/Frameworks/CoreLocation.framework/Versions/A/CoreLocation
0x00007fff33656000 	/System/Library/Frameworks/PushKit.framework/Versions/A/PushKit
0x00007fff31bef000 	/System/Library/PrivateFrameworks/CoreTime.framework/Versions/A/CoreTime
0x00007fff2e798000 	/System/Library/PrivateFrameworks/GeoServices.framework/Versions/A/GeoServices
0x00007fff2cc84000 	/System/Library/PrivateFrameworks/LocationSupport.framework/Versions/A/LocationSupport
0x00007fff2b07d000 	/System/Library/PrivateFrameworks/PlugInKit.framework/Versions/A/PlugInKit
0x00007fff33649000 	/System/Library/PrivateFrameworks/IntentsFoundation.framework/Versions/A/IntentsFoundation
0x00007fff317bf000 	/System/Library/PrivateFrameworks/FrontBoardServices.framework/Versions/A/FrontBoardServices
0x00007fff3182f000 	/System/Library/PrivateFrameworks/BoardServices.framework/Versions/A/BoardServices
0x00007fff32cb3000 	/System/Library/PrivateFrameworks/BackBoardServices.framework/Versions/A/BackBoardServices
0x00007fff34e42000 	/System/Library/PrivateFrameworks/AppleNeuralEngine.framework/Versions/A/AppleNeuralEngine
0x00007fff33ec3000 	/System/Library/PrivateFrameworks/ANEServices.framework/Versions/A/ANEServices
0x00007fff3c079000 	/System/Library/Frameworks/WebKit.framework/Versions/A/WebKit
0x00007fff3850b000 	/System/Library/Frameworks/Quartz.framework/Versions/A/Frameworks/QuickLookUI.framework/Versions/A/QuickLookUI
0x00007fff30776000 	/System/Library/PrivateFrameworks/AddressBookCore.framework/Versions/A/AddressBookCore
0x00007fff392d2000 	/System/Library/PrivateFrameworks/PhoneNumbers.framework/Versions/A/PhoneNumbers
0x00007fff2dffb000 	/System/Library/PrivateFrameworks/IDS.framework/Versions/A/IDS
0x00007fff34c81000 	/System/Library/Frameworks/WebKit.framework/Versions/A/Frameworks/WebKitLegacy.framework/Versions/A/WebKitLegacy
0x00007fff39302000 	/System/Library/Frameworks/WebKit.framework/Versions/A/Frameworks/WebCore.framework/Versions/A/WebCore
0x00007fff392ea000 	/usr/lib/libAccessibility.dylib
0x00007fff333e8000 	/System/Library/PrivateFrameworks/CorePrediction.framework/Versions/A/CorePrediction
0x00007fff27a1c000 	/System/Library/Frameworks/WebKit.framework/Versions/A/Frameworks/WebCore.framework/Versions/A/Frameworks/libwebrtc.dylib
0x00007fff3c02a000 	/System/Library/PrivateFrameworks/SafariSafeBrowsing.framework/Versions/A/SafariSafeBrowsing
0x00007fff2cfa3000 	/System/Library/Frameworks/SecurityInterface.framework/Versions/A/SecurityInterface
0x00007fff392d3000 	/System/Library/PrivateFrameworks/URLFormatting.framework/Versions/A/URLFormatting
0x00007fff3db51000 	/System/Library/PrivateFrameworks/WebInspectorUI.framework/Versions/A/WebInspectorUI
0x00007fff364b2000 	/System/Library/Frameworks/JavaScriptCore.framework/Versions/A/JavaScriptCore
0x00007fff2dd6f000 	/System/Library/Frameworks/NetworkExtension.framework/Versions/A/NetworkExtension
0x00007fff40a6a000 	/System/Library/PrivateFrameworks/CaptiveNetwork.framework/Versions/A/CaptiveNetwork
0x00007fff2ff85000 	/usr/lib/libnetworkextension.dylib
0x00007fff32eec000 	/System/Library/PrivateFrameworks/EAP8021X.framework/Versions/A/EAP8021X
0x00007fff392db000 	/System/Library/PrivateFrameworks/AXCoreUtilities.framework/Versions/A/AXCoreUtilities
0x00007fff3d2bc000 	/System/Library/PrivateFrameworks/CoreOptimization.framework/Versions/A/CoreOptimization
0x00007fff25920000 	/System/Library/PrivateFrameworks/WirelessDiagnostics.framework/Versions/A/WirelessDiagnostics
0x00007fff3610c000 	/System/Library/PrivateFrameworks/WirelessDiagnostics.framework/Versions/A/Libraries/libAWDSupportFramework.dylib
0x00007fff25872000 	/System/Library/PrivateFrameworks/WirelessDiagnostics.framework/Versions/A/Libraries/libAWDSupport.dylib
0x00007fff2590e000 	/System/Library/PrivateFrameworks/WirelessDiagnostics.framework/Versions/A/Libraries/libprotobuf-lite.dylib
0x00007fff258b1000 	/System/Library/PrivateFrameworks/WirelessDiagnostics.framework/Versions/A/Libraries/libprotobuf.dylib
0x00007fff3d438000 	/System/Library/Frameworks/SafariServices.framework/Versions/A/SafariServices
0x00007fff33690000 	/System/Library/Frameworks/QuickLookThumbnailing.framework/Versions/A/QuickLookThumbnailing
0x00007fff3bd3c000 	/System/Library/PrivateFrameworks/QuickLookSupport.framework/Versions/A/QuickLookSupport
0x00007fff3cea6000 	/System/Library/PrivateFrameworks/QuickLookNonBaseSystem.framework/Versions/A/QuickLookNonBaseSystem
0x00007fff2e539000 	/System/Library/Frameworks/QuickLook.framework/Versions/A/QuickLook
0x00007fff3cb0b000 	/System/Library/Frameworks/AVFoundation.framework/Versions/A/AVFoundation
0x00007fff6e2eb000 	/System/Library/Frameworks/AVFAudio.framework/Versions/A/AVFAudio
0x00007fff3162a000 	/System/Library/PrivateFrameworks/AVFCore.framework/Versions/A/AVFCore
0x00007fff3770e000 	/System/Library/PrivateFrameworks/AVFCapture.framework/Versions/A/AVFCapture
0x00007fff3bd5f000 	/System/Library/PrivateFrameworks/AirPlaySync.framework/Versions/A/AirPlaySync
0x00007fff2cff0000 	/System/Library/Frameworks/CoreMediaIO.framework/Versions/A/CoreMediaIO
0x00007fff37821000 	/System/Library/PrivateFrameworks/Quagga.framework/Versions/A/Quagga
0x00007fff378b5000 	/System/Library/PrivateFrameworks/CMCapture.framework/Versions/A/CMCapture
0x00007fff6f950000 	/System/Library/PrivateFrameworks/CMImaging.framework/Versions/A/CMImaging
0x00007fff36445000 	/System/Library/PrivateFrameworks/MarkupUI.framework/Versions/A/MarkupUI
0x00007fff3ce88000 	/System/Library/PrivateFrameworks/SidecarCore.framework/Versions/A/SidecarCore
0x00007fff40ec1000 	/System/Library/Frameworks/Quartz.framework/Versions/A/Quartz
0x00007fff3e8ac000 	/System/Library/PrivateFrameworks/AnnotationKit.framework/Versions/A/AnnotationKit
0x00007fff3c987000 	/System/Library/PrivateFrameworks/CorePDF.framework/Versions/A/CorePDF
0x00007fff3ee7a000 	/System/Library/Frameworks/PDFKit.framework/Versions/A/PDFKit
0x00007fff3e9d9000 	/System/Library/Frameworks/Quartz.framework/Versions/A/Frameworks/QuartzComposer.framework/Versions/A/QuartzComposer
0x00007fff3e1cb000 	/System/Library/Frameworks/Quartz.framework/Versions/A/Frameworks/QuartzFilters.framework/Versions/A/QuartzFilters
0x00007fff3d7c1000 	/System/Library/Frameworks/Quartz.framework/Versions/A/Frameworks/ImageKit.framework/Versions/A/ImageKit
0x00007fff35bcb000 	/System/Library/PrivateFrameworks/DisplayServices.framework/Versions/A/DisplayServices
0x00007fff3e168000 	/System/Library/Frameworks/ImageCaptureCore.framework/Versions/A/ImageCaptureCore
0x00007fff2e599000 	/System/Library/Frameworks/MetalKit.framework/Versions/A/MetalKit
0x00007fff2b875000 	/System/Library/PrivateFrameworks/CoreBrightness.framework/Versions/A/CoreBrightness
0x00007fff384fb000 	/System/Library/PrivateFrameworks/HID.framework/Versions/A/HID
0x00007fff3da1d000 	/System/Library/Frameworks/PencilKit.framework/Versions/A/PencilKit
0x00007fff3db34000 	/System/Library/PrivateFrameworks/SidecarUI.framework/Versions/A/SidecarUI
0x00007fff3d651000 	/System/Library/PrivateFrameworks/CoreHandwriting.framework/Versions/A/CoreHandwriting
0x00007fff2afde000 	/System/Library/PrivateFrameworks/CVNLP.framework/Versions/A/CVNLP
0x00007fff30733000 	/System/Library/PrivateFrameworks/ContactsPersistence.framework/Versions/A/ContactsPersistence
0x00007fff34c50000 	/System/Library/PrivateFrameworks/CalendarAgentLink.framework/Versions/A/CalendarAgentLink
0x00007fff308ad000 	/System/Library/Frameworks/Contacts.framework/Versions/A/Contacts
0x00007fff306af000 	/System/Library/PrivateFrameworks/ContactsFoundation.framework/Versions/A/ContactsFoundation
0x00007fff31859000 	/System/Library/PrivateFrameworks/vCard.framework/Versions/A/vCard
0x00007fff2fce0000 	/System/Library/PrivateFrameworks/AppleLDAP.framework/Versions/A/AppleLDAP
0x00007fff331ea000 	/System/Library/Frameworks/ClassKit.framework/Versions/A/ClassKit
0x00007fff34755000 	/System/Library/PrivateFrameworks/CoreSuggestions.framework/Versions/A/CoreSuggestions
0x00007fff2760a000 	/System/Library/PrivateFrameworks/CloudDocs.framework/Versions/A/CloudDocs
0x00007fff33017000 	/System/Library/PrivateFrameworks/AppSupport.framework/Versions/A/AppSupport
0x00007fff33263000 	/System/Library/PrivateFrameworks/AppleAccount.framework/Versions/A/AppleAccount
0x00007fff34292000 	/System/Library/PrivateFrameworks/SpotlightIndex.framework/Versions/A/SpotlightIndex
0x00007fff23e8d000 	/System/Library/PrivateFrameworks/SpotlightLinguistics.framework/Versions/A/SpotlightLinguistics
0x00007fff333a8000 	/System/Library/PrivateFrameworks/AppleIDSSOAuthentication.framework/Versions/A/AppleIDSSOAuthentication
0x00007fff33edb000 	/System/Library/PrivateFrameworks/ProactiveSupport.framework/Versions/A/ProactiveSupport
0x00007fff32f4b000 	/System/Library/PrivateFrameworks/DataDetectorsNaturalLanguage.framework/Versions/A/DataDetectorsNaturalLanguage
0x00007fff2a536000 	/System/Library/Frameworks/CoreSpotlight.framework/Versions/A/CoreSpotlight
0x00007fff38e8f000 	/System/Library/PrivateFrameworks/ProactiveEventTracker.framework/Versions/A/ProactiveEventTracker
0x00007fff331e7000 	/System/Library/PrivateFrameworks/InternationalTextSearch.framework/Versions/A/InternationalTextSearch
0x00007fff34c76000 	/System/Library/PrivateFrameworks/RTCReporting.framework/Versions/A/RTCReporting
0x00007fff347f3000 	/System/Library/Frameworks/EventKit.framework/Versions/A/EventKit
0x00007fff38e4b000 	/System/Library/PrivateFrameworks/ResponseKit.framework/Versions/A/ResponseKit
0x00007fff34705000 	/System/Library/PrivateFrameworks/CalDAV.framework/Versions/A/CalDAV
0x00007fff33f7e000 	/System/Library/PrivateFrameworks/CalendarFoundation.framework/Versions/A/CalendarFoundation
0x00007fff3497e000 	/System/Library/PrivateFrameworks/CalendarPersistence.framework/Versions/A/CalendarPersistence
0x00007fff38a8c000 	/System/Library/PrivateFrameworks/ExchangeWebServices.framework/Versions/A/ExchangeWebServices
0x00007fff33f4c000 	/System/Library/PrivateFrameworks/iCalendar.framework/Versions/A/iCalendar
0x00007fff38a05000 	/System/Library/PrivateFrameworks/CoreDAV.framework/Versions/A/CoreDAV
0x00007fff309e2000 	/System/Library/PrivateFrameworks/PersonaKit.framework/Versions/A/PersonaKit
0x00007fff38e05000 	/System/Library/PrivateFrameworks/ContactsAutocomplete.framework/Versions/A/ContactsAutocomplete
0x00007fff33f41000 	/System/Library/PrivateFrameworks/CoreRecents.framework/Versions/A/CoreRecents
0x00007fff31606000 	/System/Library/PrivateFrameworks/AppSandbox.framework/Versions/A/AppSandbox
0x00007fff38e3e000 	/System/Library/PrivateFrameworks/KerberosHelper.framework/Versions/A/KerberosHelper
0x00007fff2e4c6000 	/System/Library/PrivateFrameworks/AppContainer.framework/Versions/A/AppContainer
0x00007fff2e4db000 	/System/Library/PrivateFrameworks/SecCodeWrapper.framework/Versions/A/SecCodeWrapper
0x00007fff37e9b000 	/System/Library/PrivateFrameworks/AccountsDaemon.framework/Versions/A/AccountsDaemon
0x00007fff37f49000 	/System/Library/PrivateFrameworks/OAuth.framework/Versions/A/OAuth
0x00007fff2cc1d000 	/System/Library/PrivateFrameworks/IMFoundation.framework/Versions/A/IMFoundation
0x00007fff38c1f000 	/System/Library/PrivateFrameworks/Marco.framework/Versions/A/Marco
0x00007fff2e0fd000 	/System/Library/PrivateFrameworks/IDSFoundation.framework/Versions/A/IDSFoundation
0x00007fff36466000 	/System/Library/PrivateFrameworks/Engram.framework/Versions/A/Engram
0x00007fff36414000 	/usr/lib/libtidy.A.dylib
0x00007fff25b26000 	/System/Library/PrivateFrameworks/NLP.framework/Versions/A/NLP


VM Arguments:
jvm_args: -javaagent:/Applications/IntelliJ IDEA CE.app/Contents/lib/idea_rt.jar=59568:/Applications/IntelliJ IDEA CE.app/Contents/bin -Dfile.encoding=UTF-8 
java_command: Main
java_class_path (initial): /Users/ricardo/IdeaProjects/PROYECTO FINAL-JAVA SWING/out/production/PROYECTO FINAL-JAVA SWING
Launcher Type: SUN_STANDARD

[Global flags]
     intx CICompilerCount                          = 3                                         {product} {ergonomic}
     uint ConcGCThreads                            = 1                                         {product} {ergonomic}
     uint G1ConcRefinementThreads                  = 4                                         {product} {ergonomic}
   size_t G1HeapRegionSize                         = 1048576                                   {product} {ergonomic}
    uintx GCDrainStackTargetSize                   = 64                                        {product} {ergonomic}
   size_t InitialHeapSize                          = 67108864                                  {product} {ergonomic}
   size_t MarkStackSize                            = 4194304                                   {product} {ergonomic}
   size_t MaxHeapSize                              = 1073741824                                {product} {ergonomic}
   size_t MaxNewSize                               = 643825664                                 {product} {ergonomic}
   size_t MinHeapDeltaBytes                        = 1048576                                   {product} {ergonomic}
    uintx NonNMethodCodeHeapSize                   = 5830732                                {pd product} {ergonomic}
    uintx NonProfiledCodeHeapSize                  = 122913754                              {pd product} {ergonomic}
    uintx ProfiledCodeHeapSize                     = 122913754                              {pd product} {ergonomic}
    uintx ReservedCodeCacheSize                    = 251658240                              {pd product} {ergonomic}
     bool SegmentedCodeCache                       = true                                      {product} {ergonomic}
     bool UseCompressedClassPointers               = true                                 {lp64_product} {ergonomic}
     bool UseCompressedOops                        = true                                 {lp64_product} {ergonomic}
     bool UseG1GC                                  = true                                      {product} {ergonomic}

Logging:
Log output configuration:
 #0: stdout all=warning uptime,level,tags
 #1: stderr all=off uptime,level,tags

Environment Variables:
PATH=/Library/Frameworks/Python.framework/Versions/3.10/bin:/usr/local/bin:/usr/bin:/bin:/usr/sbin:/sbin
SHELL=/bin/bash

Signal Handlers:
SIGSEGV: [libjvm.dylib+0x79688e], sa_mask[0]=11111111011111110111111111111111, sa_flags=SA_ONSTACK|SA_RESTART|SA_SIGINFO
SIGBUS: [libjvm.dylib+0x79688e], sa_mask[0]=11111111011111110111111111111111, sa_flags=SA_RESTART|SA_SIGINFO
SIGFPE: [libjvm.dylib+0x79688e], sa_mask[0]=11111111011111110111111111111111, sa_flags=SA_RESTART|SA_SIGINFO
SIGPIPE: [libjvm.dylib+0x6488fa], sa_mask[0]=11111111011111110111111111111111, sa_flags=SA_RESTART|SA_SIGINFO
SIGXFSZ: [libjvm.dylib+0x6488fa], sa_mask[0]=11111111011111110111111111111111, sa_flags=SA_RESTART|SA_SIGINFO
SIGILL: [libjvm.dylib+0x79688e], sa_mask[0]=11111111011111110111111111111111, sa_flags=SA_RESTART|SA_SIGINFO
SIGUSR2: [libjvm.dylib+0x648ece], sa_mask[0]=00100000000000000000000000000000, sa_flags=SA_RESTART|SA_SIGINFO
SIGHUP: [libjvm.dylib+0x64798f], sa_mask[0]=11111111011111110111111111111111, sa_flags=SA_RESTART|SA_SIGINFO
SIGINT: [libjvm.dylib+0x64798f], sa_mask[0]=11111111011111110111111111111111, sa_flags=SA_RESTART|SA_SIGINFO
SIGTERM: [libjvm.dylib+0x64798f], sa_mask[0]=11111111011111110111111111111111, sa_flags=SA_RESTART|SA_SIGINFO
SIGQUIT: [libjvm.dylib+0x64798f], sa_mask[0]=11111111011111110111111111111111, sa_flags=SA_RESTART|SA_SIGINFO


---------------  S Y S T E M  ---------------

OS:uname:Darwin 20.6.0 Darwin Kernel Version 20.6.0: Wed Jun 23 00:26:31 PDT 2021; root:xnu-7195.141.2~5/RELEASE_X86_64 x86_64
rlimit: STACK 8192k, CORE 0k, NPROC 1392, NOFILE 10240, AS infinity, DATA infinity, FSIZE infinity
load average:9.10 10.60 9.17

CPU:total 4 (initial active 4) (2 cores per cpu, 2 threads per core) family 6 model 69 stepping 1 microcode 0x26, cmov, cx8, fxsr, mmx, sse, sse2, sse3, ssse3, sse4.1, sse4.2, popcnt, avx, avx2, aes, clmul, erms, lzcnt, ht, tsc, tscinvbit, bmi1, bmi2, fma

Memory: 4k page, physical 4194304k(23804k free)

vm_info: Java HotSpot(TM) 64-Bit Server VM (11.0.12+8-LTS-237) for bsd-amd64 JRE (11.0.12+8-LTS-237), built on Jun  8 2021 10:26:22 by "mach5one" with gcc 4.2.1 Compatible Apple LLVM 11.0.0 (clang-1100.0.33.17)

END.
